{"level":"info","message":"Otp sent successfully","service":"test-service","timestamp":"2026-04-02T13:51:27.949Z"}
{"level":"error","message":"Email not found","service":"test-service","timestamp":"2026-04-02T13:53:34.418Z"}
{"level":"error","message":"Email not found","service":"test-service","timestamp":"2026-04-02T13:53:37.782Z"}
{"level":"error","message":"Email not found","service":"test-service","timestamp":"2026-04-02T13:53:42.032Z"}
{"level":"info","message":"Otp sent successfully","service":"test-service","timestamp":"2026-04-02T13:59:26.605Z"}
{"level":"info","message":"Otp verified","service":"test-service","timestamp":"2026-04-02T14:00:17.691Z"}
{"level":"error","message":"Enter the verified email","service":"test-service","timestamp":"2026-04-02T15:16:49.333Z"}
{"level":"error","message":"Enter the verified email","service":"test-service","timestamp":"2026-04-02T15:16:56.144Z"}
{"level":"error","message":"Enter the verified email","service":"test-service","timestamp":"2026-04-02T15:17:39.492Z"}
{"level":"info","message":"Otp sent successfully","service":"test-service","timestamp":"2026-04-02T15:17:56.069Z"}
{"level":"info","message":"Otp verified","service":"test-service","timestamp":"2026-04-02T15:18:23.933Z"}
{"level":"error","message":"Validation error: Validation isLowercase on fullname failed","service":"test-service","timestamp":"2026-04-02T15:18:42.582Z"}
{"level":"info","message":"User register successfully","service":"test-service","timestamp":"2026-04-02T15:21:16.669Z"}
{"level":"error","message":"WHERE parameter \"number\" has invalid \"undefined\" value","service":"test-service","timestamp":"2026-04-02T15:23:55.805Z"}
{"level":"error","message":"WHERE parameter \"number\" has invalid \"undefined\" value","service":"test-service","timestamp":"2026-04-02T15:30:46.738Z"}
{"level":"error","message":"WHERE parameter \"number\" has invalid \"undefined\" value","service":"test-service","timestamp":"2026-04-02T15:30:47.813Z"}
{"level":"error","message":"WHERE parameter \"number\" has invalid \"undefined\" value","service":"test-service","timestamp":"2026-04-02T15:31:05.905Z"}
{"level":"error","message":"WHERE parameter \"number\" has invalid \"undefined\" value","service":"test-service","timestamp":"2026-04-02T15:37:32.528Z"}
{"level":"error","message":"WHERE parameter \"number\" has invalid \"undefined\" value","service":"test-service","timestamp":"2026-04-02T15:37:36.640Z"}
{"level":"error","message":"WHERE parameter \"number\" has invalid \"undefined\" value","service":"test-service","timestamp":"2026-04-02T15:43:29.920Z"}
{"level":"error","message":"WHERE parameter \"number\" has invalid \"undefined\" value","service":"test-service","timestamp":"2026-04-02T15:43:30.972Z"}
{"level":"error","message":"WHERE parameter \"number\" has invalid \"undefined\" value","service":"test-service","timestamp":"2026-04-02T15:43:31.838Z"}
{"level":"error","message":"WHERE parameter \"number\" has invalid \"undefined\" value","service":"test-service","timestamp":"2026-04-02T15:55:21.400Z"}
{"level":"error","message":"WHERE parameter \"number\" has invalid \"undefined\" value","service":"test-service","timestamp":"2026-04-02T16:05:57.562Z"}
{"level":"error","message":"WHERE parameter \"number\" has invalid \"undefined\" value","service":"test-service","timestamp":"2026-04-02T16:06:05.230Z"}
{"level":"error","message":"WHERE parameter \"number\" has invalid \"undefined\" value","service":"test-service","timestamp":"2026-04-02T16:07:29.305Z"}
{"level":"error","message":"WHERE parameter \"number\" has invalid \"undefined\" value","service":"test-service","timestamp":"2026-04-02T16:07:30.502Z"}
{"level":"error","message":"WHERE parameter \"number\" has invalid \"undefined\" value","service":"test-service","timestamp":"2026-04-02T16:07:30.940Z"}
{"level":"error","message":"WHERE parameter \"number\" has invalid \"undefined\" value","service":"test-service","timestamp":"2026-04-02T16:07:31.380Z"}
{"level":"error","message":"WHERE parameter \"number\" has invalid \"undefined\" value","service":"test-service","timestamp":"2026-04-02T16:12:35.681Z"}
{"level":"error","message":"WHERE parameter \"number\" has invalid \"undefined\" value","service":"test-service","timestamp":"2026-04-02T16:26:23.567Z"}
{"level":"error","message":"WHERE parameter \"number\" has invalid \"undefined\" value","service":"test-service","timestamp":"2026-04-02T16:26:48.092Z"}
{"level":"error","message":"WHERE parameter \"number\" has invalid \"undefined\" value","service":"test-service","timestamp":"2026-04-02T16:27:01.812Z"}
{"level":"error","message":"WHERE parameter \"number\" has invalid \"undefined\" value","service":"test-service","timestamp":"2026-04-02T16:27:03.228Z"}
{"level":"error","message":"WHERE parameter \"number\" has invalid \"undefined\" value","service":"test-service","timestamp":"2026-04-02T16:27:20.804Z"}
{"level":"error","message":"WHERE parameter \"number\" has invalid \"undefined\" value","service":"test-service","timestamp":"2026-04-02T16:27:22.132Z"}
{"level":"error","message":"WHERE parameter \"number\" has invalid \"undefined\" value","service":"test-service","timestamp":"2026-04-02T16:54:30.209Z"}
{"level":"error","message":"WHERE parameter \"number\" has invalid \"undefined\" value","service":"test-service","timestamp":"2026-04-02T16:54:31.425Z"}
{"level":"error","message":"WHERE parameter \"number\" has invalid \"undefined\" value","service":"test-service","timestamp":"2026-04-02T16:56:37.658Z"}
{"level":"error","message":"WHERE parameter \"number\" has invalid \"undefined\" value","service":"test-service","timestamp":"2026-04-02T17:05:54.720Z"}
{"level":"error","message":"WHERE parameter \"number\" has invalid \"undefined\" value","service":"test-service","timestamp":"2026-04-02T17:05:55.552Z"}
{"level":"error","message":"WHERE parameter \"number\" has invalid \"undefined\" value","service":"test-service","timestamp":"2026-04-02T17:05:56.103Z"}
{"level":"error","message":"WHERE parameter \"number\" has invalid \"undefined\" value","service":"test-service","timestamp":"2026-04-02T17:05:56.281Z"}
{"level":"error","message":"WHERE parameter \"number\" has invalid \"undefined\" value","service":"test-service","timestamp":"2026-04-02T17:05:56.473Z"}
{"level":"error","message":"WHERE parameter \"number\" has invalid \"undefined\" value","service":"test-service","timestamp":"2026-04-02T17:05:56.656Z"}
{"level":"error","message":"WHERE parameter \"number\" has invalid \"undefined\" value","service":"test-service","timestamp":"2026-04-02T17:05:56.857Z"}
{"level":"error","message":"WHERE parameter \"number\" has invalid \"undefined\" value","service":"test-service","timestamp":"2026-04-02T17:05:57.025Z"}
{"level":"error","message":"WHERE parameter \"number\" has invalid \"undefined\" value","service":"test-service","timestamp":"2026-04-02T17:05:57.200Z"}
{"level":"error","message":"WHERE parameter \"number\" has invalid \"undefined\" value","service":"test-service","timestamp":"2026-04-02T17:05:57.392Z"}
{"level":"error","message":"WHERE parameter \"number\" has invalid \"undefined\" value","service":"test-service","timestamp":"2026-04-02T17:05:57.685Z"}
{"level":"error","message":"WHERE parameter \"number\" has invalid \"undefined\" value","service":"test-service","timestamp":"2026-04-02T17:05:57.878Z"}
{"level":"error","message":"WHERE parameter \"number\" has invalid \"undefined\" value","service":"test-service","timestamp":"2026-04-02T17:08:59.650Z"}
{"level":"error","message":"WHERE parameter \"number\" has invalid \"undefined\" value","service":"test-service","timestamp":"2026-04-02T17:10:29.046Z"}
{"level":"error","message":"WHERE parameter \"number\" has invalid \"undefined\" value","service":"test-service","timestamp":"2026-04-02T17:12:08.647Z"}
{"level":"error","message":"WHERE parameter \"number\" has invalid \"undefined\" value","service":"test-service","timestamp":"2026-04-02T17:19:35.515Z"}
{"level":"error","message":"Failed to generate tokens","service":"test-service","timestamp":"2026-04-02T17:25:09.307Z"}
{"level":"error","message":"Failed to generate tokens","service":"test-service","timestamp":"2026-04-02T17:27:45.179Z"}
{"level":"info","message":"User login successfully","service":"test-service","timestamp":"2026-04-02T17:30:33.024Z"}
{"level":"info","message":"Password reset request for email: neymar@yopmail.com","service":"test-service","timestamp":"2026-04-02T17:39:52.850Z"}
{"level":"info","message":"Password reset email sent successfully to: neymar@yopmail.com","service":"test-service","timestamp":"2026-04-02T17:39:56.203Z"}
{"level":"error","message":"Token is invalid","service":"test-service","timestamp":"2026-04-02T17:42:04.669Z"}
{"level":"error","message":"Token is invalid","service":"test-service","timestamp":"2026-04-02T17:42:06.506Z"}
{"level":"error","message":"Token is invalid","service":"test-service","timestamp":"2026-04-02T17:42:07.301Z"}
{"level":"error","message":"Token is invalid","service":"test-service","timestamp":"2026-04-02T17:42:07.494Z"}
{"level":"error","message":"Token is invalid","service":"test-service","timestamp":"2026-04-02T17:42:07.700Z"}
{"level":"error","message":"Token is invalid","service":"test-service","timestamp":"2026-04-02T17:42:07.895Z"}
{"level":"error","message":"Token is invalid","service":"test-service","timestamp":"2026-04-02T17:42:08.093Z"}
{"level":"error","message":"Token is invalid","service":"test-service","timestamp":"2026-04-02T17:42:08.292Z"}
{"level":"error","message":"Token is invalid","service":"test-service","timestamp":"2026-04-02T17:42:08.479Z"}
{"level":"error","message":"Token is invalid","service":"test-service","timestamp":"2026-04-02T17:42:08.772Z"}
{"level":"error","message":"Token is invalid","service":"test-service","timestamp":"2026-04-02T17:42:08.982Z"}
{"level":"error","message":"Token is invalid","service":"test-service","timestamp":"2026-04-02T17:42:09.191Z"}
{"level":"error","message":"Token is invalid","service":"test-service","timestamp":"2026-04-02T17:42:09.396Z"}
{"level":"error","message":"Token is invalid","service":"test-service","timestamp":"2026-04-02T17:42:09.586Z"}
{"level":"error","message":"Token is invalid","service":"test-service","timestamp":"2026-04-02T17:42:09.783Z"}
{"level":"error","message":"Token is invalid","service":"test-service","timestamp":"2026-04-02T17:42:09.995Z"}
{"level":"error","message":"Token is invalid","service":"test-service","timestamp":"2026-04-02T17:42:10.183Z"}
{"level":"error","message":"Token is invalid","service":"test-service","timestamp":"2026-04-02T17:42:10.407Z"}
{"level":"error","message":"Token is invalid","service":"test-service","timestamp":"2026-04-02T17:42:17.066Z"}
{"level":"error","message":"Token is invalid","service":"test-service","timestamp":"2026-04-02T17:43:43.797Z"}
{"level":"error","message":"Token is invalid","service":"test-service","timestamp":"2026-04-02T17:43:44.550Z"}
{"level":"error","message":"Token is invalid","service":"test-service","timestamp":"2026-04-02T17:43:44.699Z"}
{"level":"error","message":"Token is invalid","service":"test-service","timestamp":"2026-04-02T17:43:44.903Z"}
{"level":"error","message":"Token is invalid","service":"test-service","timestamp":"2026-04-02T17:43:45.104Z"}
{"level":"error","message":"Token is invalid","service":"test-service","timestamp":"2026-04-02T17:43:45.328Z"}
{"level":"error","message":"Token is invalid","service":"test-service","timestamp":"2026-04-02T17:43:52.686Z"}
{"level":"error","message":"Token is invalid","service":"test-service","timestamp":"2026-04-02T17:43:53.341Z"}
{"level":"error","message":"Token is invalid","service":"test-service","timestamp":"2026-04-02T17:43:53.565Z"}
{"level":"error","message":"Token is invalid","service":"test-service","timestamp":"2026-04-02T17:43:53.826Z"}
{"level":"error","message":"Token is invalid","service":"test-service","timestamp":"2026-04-02T17:43:54.019Z"}
{"level":"error","message":"Token is invalid","service":"test-service","timestamp":"2026-04-02T17:43:54.228Z"}
{"level":"error","message":"Token is invalid","service":"test-service","timestamp":"2026-04-02T17:43:54.442Z"}
{"level":"error","message":"Token is invalid","service":"test-service","timestamp":"2026-04-02T17:43:55.450Z"}
{"level":"info","message":"Password reset successfully","service":"test-service","timestamp":"2026-04-02T17:44:42.405Z"}
{"level":"error","message":"Password is incorrect","service":"test-service","timestamp":"2026-04-02T17:46:46.878Z"}
{"level":"info","message":"User login successfully","service":"test-service","timestamp":"2026-04-02T17:47:00.984Z"}
{"level":"info","message":"Password reset request for email: neymar@yopmail.com","service":"test-service","timestamp":"2026-04-02T17:48:10.183Z"}
{"level":"info","message":"Password reset email sent successfully to: neymar@yopmail.com","service":"test-service","timestamp":"2026-04-02T17:48:13.353Z"}
{"level":"info","message":"Password reset successfully","service":"test-service","timestamp":"2026-04-02T17:49:09.428Z"}
{"level":"error","message":"Password is incorrect","service":"test-service","timestamp":"2026-04-02T17:50:07.893Z"}
{"level":"info","message":"User login successfully","service":"test-service","timestamp":"2026-04-02T17:50:12.523Z"}
{"level":"info","message":"Refresh token successfully","service":"test-service","timestamp":"2026-04-02T17:53:32.012Z"}
{"level":"error","message":"invalid signature","service":"test-service","timestamp":"2026-04-02T17:53:41.278Z"}
{"level":"info","message":"Refresh token successfully","service":"test-service","timestamp":"2026-04-02T17:54:07.193Z"}
{"level":"info","message":"User login successfully","service":"test-service","timestamp":"2026-04-02T19:55:23.545Z"}
{"level":"error","message":"Password is incorrect","service":"test-service","timestamp":"2026-04-02T20:30:27.153Z"}
{"level":"info","message":"User login successfully","service":"test-service","timestamp":"2026-04-02T20:30:32.837Z"}
{"level":"info","message":"Updating password for user: userId=b5facb04-db6f-4479-92c7-7fdcd152ec75","service":"test-service","timestamp":"2026-04-02T20:32:39.042Z"}
{"level":"warn","message":"Validation error for password update: Confirm password does not match","service":"test-service","timestamp":"2026-04-02T20:32:39.047Z"}
{"level":"info","message":"Updating password for user: userId=b5facb04-db6f-4479-92c7-7fdcd152ec75","service":"test-service","timestamp":"2026-04-02T20:33:35.987Z"}
{"level":"warn","message":"Validation error for password update: Confirm password does not match","service":"test-service","timestamp":"2026-04-02T20:33:35.992Z"}
{"level":"info","message":"Updating password for user: userId=b5facb04-db6f-4479-92c7-7fdcd152ec75","service":"test-service","timestamp":"2026-04-02T20:34:16.827Z"}
{"level":"info","message":"Password updated successfully for user: userId=b5facb04-db6f-4479-92c7-7fdcd152ec75","service":"test-service","timestamp":"2026-04-02T20:34:16.936Z"}
{"level":"error","message":"Password is incorrect","service":"test-service","timestamp":"2026-04-02T20:35:23.874Z"}
{"level":"error","message":"Email does not exist","service":"test-service","timestamp":"2026-04-04T11:36:26.630Z"}
{"level":"error","message":"Email does not exist","service":"test-service","timestamp":"2026-04-04T11:36:29.777Z"}
{"level":"error","message":"Email does not exist","service":"test-service","timestamp":"2026-04-04T11:36:30.620Z"}
{"level":"error","message":"Email does not exist","service":"test-service","timestamp":"2026-04-04T11:37:01.783Z"}
{"level":"error","message":"Email does not exist","service":"test-service","timestamp":"2026-04-04T11:37:51.973Z"}
{"level":"error","message":"Email does not exist","service":"test-service","timestamp":"2026-04-04T11:38:10.701Z"}
{"level":"error","message":"Email does not exist","service":"test-service","timestamp":"2026-04-04T11:39:56.254Z"}
{"level":"info","message":"Otp sent successfully","service":"test-service","timestamp":"2026-04-04T11:44:40.098Z"}
{"level":"error","message":"\"otp\" must be greater than or equal to 1000","service":"test-service","timestamp":"2026-04-04T11:45:03.931Z"}
{"level":"info","message":"Otp sent successfully","service":"test-service","timestamp":"2026-04-04T11:46:50.440Z"}
{"level":"info","message":"Otp sent successfully","service":"test-service","timestamp":"2026-04-04T11:53:19.312Z"}
{"level":"error","message":"\"otp\" must be greater than or equal to 1000","service":"test-service","timestamp":"2026-04-04T11:56:09.391Z"}
{"level":"error","message":"\"otp\" must be greater than or equal to 1000","service":"test-service","timestamp":"2026-04-04T11:56:26.480Z"}
{"level":"error","message":"\"otp\" must be greater than or equal to 1000","service":"test-service","timestamp":"2026-04-04T11:56:41.587Z"}
{"level":"error","message":"\"otp\" must be greater than or equal to 1000","service":"test-service","timestamp":"2026-04-04T11:57:25.704Z"}
{"level":"error","message":"\"otp\" must be greater than or equal to 1000","service":"test-service","timestamp":"2026-04-04T11:57:49.386Z"}
{"level":"error","message":"\"otp\" must be greater than or equal to 1000","service":"test-service","timestamp":"2026-04-04T11:57:53.584Z"}
{"level":"error","message":"Invalid otp","service":"test-service","timestamp":"2026-04-04T11:58:05.211Z"}
{"level":"info","message":"Otp sent successfully","service":"test-service","timestamp":"2026-04-04T12:01:21.387Z"}
{"level":"info","message":"Otp verified","service":"test-service","timestamp":"2026-04-04T12:01:58.357Z"}
{"level":"info","message":"Otp sent successfully","service":"test-service","timestamp":"2026-04-04T13:49:37.334Z"}
{"level":"error","message":"Invalid otp","service":"test-service","timestamp":"2026-04-04T13:50:15.757Z"}
{"level":"info","message":"Otp verified","service":"test-service","timestamp":"2026-04-04T13:50:23.908Z"}
{"level":"info","message":"Otp sent successfully","service":"test-service","timestamp":"2026-04-04T14:07:01.677Z"}
{"level":"error","message":"\"otp\" must be greater than or equal to 1000","service":"test-service","timestamp":"2026-04-04T14:07:36.409Z"}
{"level":"info","message":"Otp sent successfully","service":"test-service","timestamp":"2026-04-04T14:24:17.040Z"}
{"level":"info","message":"Otp sent successfully","service":"test-service","timestamp":"2026-04-04T15:28:44.594Z"}
{"level":"error","message":"Invalid otp","service":"test-service","timestamp":"2026-04-04T15:29:08.595Z"}
{"level":"info","message":"Otp verified","service":"test-service","timestamp":"2026-04-04T15:29:41.900Z"}
{"level":"info","message":"Otp sent successfully","service":"test-service","timestamp":"2026-04-04T15:48:22.164Z"}
{"level":"info","message":"Otp verified","service":"test-service","timestamp":"2026-04-04T15:48:36.042Z"}
{"level":"info","message":"Otp sent successfully","service":"test-service","timestamp":"2026-04-04T15:50:52.223Z"}
{"level":"info","message":"Otp verified","service":"test-service","timestamp":"2026-04-04T15:51:01.309Z"}
{"level":"info","message":"Otp sent successfully","service":"test-service","timestamp":"2026-04-04T16:03:40.639Z"}
{"level":"info","message":"Otp verified","service":"test-service","timestamp":"2026-04-04T16:03:57.944Z"}
{"level":"info","message":"User register successfully","service":"test-service","timestamp":"2026-04-04T16:08:57.496Z"}
{"level":"error","message":"Password is incorrect","service":"test-service","timestamp":"2026-04-04T16:16:22.092Z"}
{"level":"info","message":"User login successfully","service":"test-service","timestamp":"2026-04-04T16:16:27.014Z"}
{"level":"error","message":"Password is incorrect","service":"test-service","timestamp":"2026-04-04T16:19:08.045Z"}
{"level":"info","message":"User login successfully","service":"test-service","timestamp":"2026-04-04T16:19:54.838Z"}
{"level":"info","message":"User login successfully","service":"test-service","timestamp":"2026-04-04T16:23:59.984Z"}
{"level":"info","message":"Fetching profile for user: userId=1bcd2365-f87d-42aa-a0e7-0271a665e47c","service":"test-service","timestamp":"2026-04-04T16:35:59.200Z"}
{"level":"info","message":"Profile fetched successfully for user: userId=1bcd2365-f87d-42aa-a0e7-0271a665e47c","service":"test-service","timestamp":"2026-04-04T16:35:59.213Z"}
{"level":"info","message":"Fetching profile for user: userId=1bcd2365-f87d-42aa-a0e7-0271a665e47c","service":"test-service","timestamp":"2026-04-04T16:36:05.782Z"}
{"level":"info","message":"Profile fetched successfully for user: userId=1bcd2365-f87d-42aa-a0e7-0271a665e47c","service":"test-service","timestamp":"2026-04-04T16:36:05.784Z"}
{"level":"info","message":"Refresh token successfully","service":"test-service","timestamp":"2026-04-04T18:08:47.657Z"}
{"level":"info","message":"Refresh token successfully","service":"test-service","timestamp":"2026-04-04T18:13:34.492Z"}
{"level":"info","message":"Refresh token successfully","service":"test-service","timestamp":"2026-04-04T18:13:36.033Z"}
{"level":"info","message":"Refresh token successfully","service":"test-service","timestamp":"2026-04-04T18:13:36.484Z"}
{"level":"info","message":"Refresh token successfully","service":"test-service","timestamp":"2026-04-04T18:13:39.262Z"}
{"level":"info","message":"Refresh token successfully","service":"test-service","timestamp":"2026-04-04T18:13:39.267Z"}
{"level":"info","message":"Refresh token successfully","service":"test-service","timestamp":"2026-04-04T18:13:41.251Z"}
{"level":"info","message":"Refresh token successfully","service":"test-service","timestamp":"2026-04-04T18:13:41.260Z"}
{"level":"info","message":"Refresh token successfully","service":"test-service","timestamp":"2026-04-04T18:13:43.251Z"}
{"level":"info","message":"Refresh token successfully","service":"test-service","timestamp":"2026-04-04T18:13:43.253Z"}
{"level":"info","message":"Refresh token successfully","service":"test-service","timestamp":"2026-04-04T18:13:45.249Z"}
{"level":"info","message":"Refresh token successfully","service":"test-service","timestamp":"2026-04-04T18:13:45.252Z"}
{"level":"info","message":"Refresh token successfully","service":"test-service","timestamp":"2026-04-04T18:13:47.246Z"}
{"level":"info","message":"Refresh token successfully","service":"test-service","timestamp":"2026-04-04T18:13:47.250Z"}
{"level":"info","message":"Refresh token successfully","service":"test-service","timestamp":"2026-04-04T18:13:49.261Z"}
{"level":"info","message":"Refresh token successfully","service":"test-service","timestamp":"2026-04-04T18:13:49.263Z"}
{"level":"info","message":"Refresh token successfully","service":"test-service","timestamp":"2026-04-04T18:13:51.261Z"}
{"level":"info","message":"Refresh token successfully","service":"test-service","timestamp":"2026-04-04T18:13:51.263Z"}
{"level":"info","message":"Refresh token successfully","service":"test-service","timestamp":"2026-04-04T18:13:53.257Z"}
{"level":"info","message":"Refresh token successfully","service":"test-service","timestamp":"2026-04-04T18:13:53.262Z"}
{"level":"info","message":"Refresh token successfully","service":"test-service","timestamp":"2026-04-04T18:13:55.255Z"}
{"level":"info","message":"Refresh token successfully","service":"test-service","timestamp":"2026-04-04T18:13:55.267Z"}
{"level":"info","message":"Refresh token successfully","service":"test-service","timestamp":"2026-04-04T18:13:57.239Z"}
{"level":"info","message":"Refresh token successfully","service":"test-service","timestamp":"2026-04-04T18:13:57.245Z"}
{"level":"info","message":"Refresh token successfully","service":"test-service","timestamp":"2026-04-04T18:13:59.251Z"}
{"level":"info","message":"Refresh token successfully","service":"test-service","timestamp":"2026-04-04T18:13:59.254Z"}
{"level":"info","message":"Refresh token successfully","service":"test-service","timestamp":"2026-04-04T18:14:01.244Z"}
{"level":"info","message":"Refresh token successfully","service":"test-service","timestamp":"2026-04-04T18:14:01.245Z"}
{"level":"info","message":"Refresh token successfully","service":"test-service","timestamp":"2026-04-04T18:14:03.245Z"}
{"level":"info","message":"Refresh token successfully","service":"test-service","timestamp":"2026-04-04T18:14:03.246Z"}
{"level":"info","message":"Refresh token successfully","service":"test-service","timestamp":"2026-04-04T18:14:05.270Z"}
{"level":"info","message":"Refresh token successfully","service":"test-service","timestamp":"2026-04-04T18:14:05.273Z"}
{"level":"info","message":"Refresh token successfully","service":"test-service","timestamp":"2026-04-04T18:14:07.249Z"}
{"level":"info","message":"Refresh token successfully","service":"test-service","timestamp":"2026-04-04T18:14:07.251Z"}
{"level":"info","message":"Refresh token successfully","service":"test-service","timestamp":"2026-04-04T18:14:09.258Z"}
{"level":"info","message":"Refresh token successfully","service":"test-service","timestamp":"2026-04-04T18:14:09.260Z"}
{"level":"info","message":"Refresh token successfully","service":"test-service","timestamp":"2026-04-04T18:14:11.245Z"}
{"level":"info","message":"Refresh token successfully","service":"test-service","timestamp":"2026-04-04T18:14:11.247Z"}
{"level":"info","message":"Refresh token successfully","service":"test-service","timestamp":"2026-04-04T18:14:13.268Z"}
{"level":"info","message":"Refresh token successfully","service":"test-service","timestamp":"2026-04-04T18:14:13.270Z"}
{"level":"info","message":"Refresh token successfully","service":"test-service","timestamp":"2026-04-04T18:14:15.247Z"}
{"level":"info","message":"Refresh token successfully","service":"test-service","timestamp":"2026-04-04T18:14:15.249Z"}
{"level":"info","message":"Refresh token successfully","service":"test-service","timestamp":"2026-04-04T18:14:17.244Z"}
{"level":"info","message":"Refresh token successfully","service":"test-service","timestamp":"2026-04-04T18:14:17.246Z"}
{"level":"info","message":"Refresh token successfully","service":"test-service","timestamp":"2026-04-04T18:14:19.267Z"}
{"level":"info","message":"Refresh token successfully","service":"test-service","timestamp":"2026-04-04T18:14:19.269Z"}
{"level":"info","message":"Refresh token successfully","service":"test-service","timestamp":"2026-04-04T18:14:21.250Z"}
{"level":"info","message":"Refresh token successfully","service":"test-service","timestamp":"2026-04-04T18:14:21.252Z"}
{"level":"info","message":"Refresh token successfully","service":"test-service","timestamp":"2026-04-04T18:14:23.257Z"}
{"level":"info","message":"Refresh token successfully","service":"test-service","timestamp":"2026-04-04T18:14:23.258Z"}
{"level":"info","message":"Refresh token successfully","service":"test-service","timestamp":"2026-04-04T18:14:25.246Z"}
{"level":"info","message":"Refresh token successfully","service":"test-service","timestamp":"2026-04-04T18:14:25.257Z"}
{"level":"info","message":"Refresh token successfully","service":"test-service","timestamp":"2026-04-04T18:14:27.253Z"}
{"level":"info","message":"Refresh token successfully","service":"test-service","timestamp":"2026-04-04T18:14:27.254Z"}
{"level":"info","message":"Refresh token successfully","service":"test-service","timestamp":"2026-04-04T18:14:29.253Z"}
{"level":"info","message":"Refresh token successfully","service":"test-service","timestamp":"2026-04-04T18:14:29.255Z"}
{"level":"info","message":"Refresh token successfully","service":"test-service","timestamp":"2026-04-04T18:14:31.256Z"}
{"level":"info","message":"Refresh token successfully","service":"test-service","timestamp":"2026-04-04T18:14:31.257Z"}
{"level":"info","message":"Refresh token successfully","service":"test-service","timestamp":"2026-04-04T18:14:33.249Z"}
{"level":"info","message":"Refresh token successfully","service":"test-service","timestamp":"2026-04-04T18:14:33.261Z"}
{"level":"info","message":"Refresh token successfully","service":"test-service","timestamp":"2026-04-04T18:14:35.245Z"}
{"level":"info","message":"Refresh token successfully","service":"test-service","timestamp":"2026-04-04T18:14:35.247Z"}
{"level":"info","message":"Refresh token successfully","service":"test-service","timestamp":"2026-04-04T18:14:37.256Z"}
{"level":"info","message":"Refresh token successfully","service":"test-service","timestamp":"2026-04-04T18:14:37.258Z"}
{"level":"info","message":"Refresh token successfully","service":"test-service","timestamp":"2026-04-04T18:14:40.029Z"}
{"level":"info","message":"Refresh token successfully","service":"test-service","timestamp":"2026-04-04T18:14:40.045Z"}
{"level":"info","message":"Refresh token successfully","service":"test-service","timestamp":"2026-04-04T18:14:42.024Z"}
{"level":"info","message":"Refresh token successfully","service":"test-service","timestamp":"2026-04-04T18:14:42.026Z"}
{"level":"info","message":"Refresh token successfully","service":"test-service","timestamp":"2026-04-04T18:14:44.041Z"}
{"level":"info","message":"Refresh token successfully","service":"test-service","timestamp":"2026-04-04T18:14:44.044Z"}
{"level":"info","message":"Refresh token successfully","service":"test-service","timestamp":"2026-04-04T18:14:46.048Z"}
{"level":"info","message":"Refresh token successfully","service":"test-service","timestamp":"2026-04-04T18:14:46.049Z"}
{"level":"info","message":"Refresh token successfully","service":"test-service","timestamp":"2026-04-04T18:14:48.024Z"}
{"level":"info","message":"Refresh token successfully","service":"test-service","timestamp":"2026-04-04T18:14:48.026Z"}
{"level":"info","message":"Refresh token successfully","service":"test-service","timestamp":"2026-04-04T18:14:50.016Z"}
{"level":"info","message":"Refresh token successfully","service":"test-service","timestamp":"2026-04-04T18:14:50.018Z"}
{"level":"info","message":"Refresh token successfully","service":"test-service","timestamp":"2026-04-04T18:14:52.033Z"}
{"level":"info","message":"Refresh token successfully","service":"test-service","timestamp":"2026-04-04T18:14:52.034Z"}
{"level":"info","message":"Refresh token successfully","service":"test-service","timestamp":"2026-04-04T18:14:54.021Z"}
{"level":"info","message":"Refresh token successfully","service":"test-service","timestamp":"2026-04-04T18:14:54.025Z"}
{"level":"info","message":"Refresh token successfully","service":"test-service","timestamp":"2026-04-04T18:14:56.018Z"}
{"level":"info","message":"Refresh token successfully","service":"test-service","timestamp":"2026-04-04T18:14:56.021Z"}
{"level":"info","message":"Refresh token successfully","service":"test-service","timestamp":"2026-04-04T18:14:58.030Z"}
{"level":"info","message":"Refresh token successfully","service":"test-service","timestamp":"2026-04-04T18:14:58.032Z"}
{"level":"info","message":"Refresh token successfully","service":"test-service","timestamp":"2026-04-04T18:15:00.028Z"}
{"level":"info","message":"Refresh token successfully","service":"test-service","timestamp":"2026-04-04T18:15:00.032Z"}
{"level":"info","message":"Refresh token successfully","service":"test-service","timestamp":"2026-04-04T18:15:02.023Z"}
{"level":"info","message":"Refresh token successfully","service":"test-service","timestamp":"2026-04-04T18:15:02.025Z"}
{"level":"info","message":"Refresh token successfully","service":"test-service","timestamp":"2026-04-04T18:15:04.030Z"}
{"level":"info","message":"Refresh token successfully","service":"test-service","timestamp":"2026-04-04T18:15:04.032Z"}
{"level":"info","message":"Refresh token successfully","service":"test-service","timestamp":"2026-04-04T18:15:06.025Z"}
{"level":"info","message":"Refresh token successfully","service":"test-service","timestamp":"2026-04-04T18:15:06.030Z"}
{"level":"info","message":"Refresh token successfully","service":"test-service","timestamp":"2026-04-04T18:15:08.028Z"}
{"level":"info","message":"Refresh token successfully","service":"test-service","timestamp":"2026-04-04T18:15:08.030Z"}
{"level":"info","message":"Refresh token successfully","service":"test-service","timestamp":"2026-04-04T18:15:10.019Z"}
{"level":"info","message":"Refresh token successfully","service":"test-service","timestamp":"2026-04-04T18:15:10.021Z"}
{"level":"info","message":"Refresh token successfully","service":"test-service","timestamp":"2026-04-04T18:15:12.020Z"}
{"level":"info","message":"Refresh token successfully","service":"test-service","timestamp":"2026-04-04T18:15:12.022Z"}
{"level":"info","message":"Refresh token successfully","service":"test-service","timestamp":"2026-04-04T18:15:14.018Z"}
{"level":"info","message":"Refresh token successfully","service":"test-service","timestamp":"2026-04-04T18:15:14.020Z"}
{"level":"info","message":"Refresh token successfully","service":"test-service","timestamp":"2026-04-04T18:15:16.030Z"}
{"level":"info","message":"Refresh token successfully","service":"test-service","timestamp":"2026-04-04T18:15:16.031Z"}
{"level":"info","message":"Refresh token successfully","service":"test-service","timestamp":"2026-04-04T18:15:18.032Z"}
{"level":"info","message":"Refresh token successfully","service":"test-service","timestamp":"2026-04-04T18:15:18.035Z"}
{"level":"info","message":"Refresh token successfully","service":"test-service","timestamp":"2026-04-04T18:15:20.036Z"}
{"level":"info","message":"Refresh token successfully","service":"test-service","timestamp":"2026-04-04T18:15:20.038Z"}
{"level":"info","message":"Refresh token successfully","service":"test-service","timestamp":"2026-04-04T18:15:22.032Z"}
{"level":"info","message":"Refresh token successfully","service":"test-service","timestamp":"2026-04-04T18:15:22.034Z"}
{"level":"info","message":"Refresh token successfully","service":"test-service","timestamp":"2026-04-04T18:15:24.023Z"}
{"level":"info","message":"Refresh token successfully","service":"test-service","timestamp":"2026-04-04T18:15:24.025Z"}
{"level":"info","message":"Refresh token successfully","service":"test-service","timestamp":"2026-04-04T18:15:26.029Z"}
{"level":"info","message":"Refresh token successfully","service":"test-service","timestamp":"2026-04-04T18:15:26.030Z"}
{"level":"info","message":"Refresh token successfully","service":"test-service","timestamp":"2026-04-04T18:15:28.023Z"}
{"level":"info","message":"Refresh token successfully","service":"test-service","timestamp":"2026-04-04T18:15:28.025Z"}
{"level":"info","message":"Refresh token successfully","service":"test-service","timestamp":"2026-04-04T18:15:30.025Z"}
{"level":"info","message":"Refresh token successfully","service":"test-service","timestamp":"2026-04-04T18:15:30.039Z"}
{"level":"info","message":"Refresh token successfully","service":"test-service","timestamp":"2026-04-04T18:15:32.030Z"}
{"level":"info","message":"Refresh token successfully","service":"test-service","timestamp":"2026-04-04T18:15:32.032Z"}
{"level":"info","message":"Refresh token successfully","service":"test-service","timestamp":"2026-04-04T18:15:34.028Z"}
{"level":"info","message":"Refresh token successfully","service":"test-service","timestamp":"2026-04-04T18:15:34.029Z"}
{"level":"info","message":"Refresh token successfully","service":"test-service","timestamp":"2026-04-04T18:15:36.025Z"}
{"level":"info","message":"Refresh token successfully","service":"test-service","timestamp":"2026-04-04T18:15:36.028Z"}
{"level":"info","message":"Refresh token successfully","service":"test-service","timestamp":"2026-04-04T18:15:38.030Z"}
{"level":"info","message":"Refresh token successfully","service":"test-service","timestamp":"2026-04-04T18:15:38.031Z"}
{"level":"info","message":"Refresh token successfully","service":"test-service","timestamp":"2026-04-04T18:16:34.055Z"}
{"level":"info","message":"Refresh token successfully","service":"test-service","timestamp":"2026-04-04T18:16:34.057Z"}
{"level":"info","message":"Refresh token successfully","service":"test-service","timestamp":"2026-04-04T18:16:37.807Z"}
{"level":"info","message":"Refresh token successfully","service":"test-service","timestamp":"2026-04-04T18:16:37.808Z"}
{"level":"info","message":"Refresh token successfully","service":"test-service","timestamp":"2026-04-04T18:16:39.245Z"}
{"level":"info","message":"Refresh token successfully","service":"test-service","timestamp":"2026-04-04T18:16:39.246Z"}
{"level":"info","message":"Fetching profile for user: userId=1bcd2365-f87d-42aa-a0e7-0271a665e47c","service":"test-service","timestamp":"2026-04-04T18:19:41.067Z"}
{"level":"info","message":"Profile fetched successfully for user: userId=1bcd2365-f87d-42aa-a0e7-0271a665e47c","service":"test-service","timestamp":"2026-04-04T18:19:41.070Z"}
{"level":"info","message":"Fetching profile for user: userId=1bcd2365-f87d-42aa-a0e7-0271a665e47c","service":"test-service","timestamp":"2026-04-04T18:19:53.535Z"}
{"level":"info","message":"Profile fetched successfully for user: userId=1bcd2365-f87d-42aa-a0e7-0271a665e47c","service":"test-service","timestamp":"2026-04-04T18:19:53.546Z"}
{"level":"info","message":"Fetching profile for user: userId=1bcd2365-f87d-42aa-a0e7-0271a665e47c","service":"test-service","timestamp":"2026-04-04T18:19:57.944Z"}
{"level":"info","message":"Profile fetched successfully for user: userId=1bcd2365-f87d-42aa-a0e7-0271a665e47c","service":"test-service","timestamp":"2026-04-04T18:19:57.949Z"}
{"level":"info","message":"Fetching profile for user: userId=1bcd2365-f87d-42aa-a0e7-0271a665e47c","service":"test-service","timestamp":"2026-04-04T18:20:17.056Z"}
{"level":"info","message":"Profile fetched successfully for user: userId=1bcd2365-f87d-42aa-a0e7-0271a665e47c","service":"test-service","timestamp":"2026-04-04T18:20:17.057Z"}
{"level":"info","message":"Fetching profile for user: userId=1bcd2365-f87d-42aa-a0e7-0271a665e47c","service":"test-service","timestamp":"2026-04-04T18:21:37.054Z"}
{"level":"info","message":"Profile fetched successfully for user: userId=1bcd2365-f87d-42aa-a0e7-0271a665e47c","service":"test-service","timestamp":"2026-04-04T18:21:37.055Z"}
{"level":"info","message":"Fetching profile for user: userId=1bcd2365-f87d-42aa-a0e7-0271a665e47c","service":"test-service","timestamp":"2026-04-04T18:21:40.046Z"}
{"level":"info","message":"Profile fetched successfully for user: userId=1bcd2365-f87d-42aa-a0e7-0271a665e47c","service":"test-service","timestamp":"2026-04-04T18:21:40.047Z"}
{"level":"info","message":"Fetching profile for user: userId=1bcd2365-f87d-42aa-a0e7-0271a665e47c","service":"test-service","timestamp":"2026-04-04T18:21:58.039Z"}
{"level":"info","message":"Profile fetched successfully for user: userId=1bcd2365-f87d-42aa-a0e7-0271a665e47c","service":"test-service","timestamp":"2026-04-04T18:21:58.044Z"}
{"level":"info","message":"Fetching profile for user: userId=1bcd2365-f87d-42aa-a0e7-0271a665e47c","service":"test-service","timestamp":"2026-04-04T18:22:02.041Z"}
{"level":"info","message":"Profile fetched successfully for user: userId=1bcd2365-f87d-42aa-a0e7-0271a665e47c","service":"test-service","timestamp":"2026-04-04T18:22:02.042Z"}
{"level":"info","message":"Fetching profile for user: userId=1bcd2365-f87d-42aa-a0e7-0271a665e47c","service":"test-service","timestamp":"2026-04-04T18:22:25.050Z"}
{"level":"info","message":"Profile fetched successfully for user: userId=1bcd2365-f87d-42aa-a0e7-0271a665e47c","service":"test-service","timestamp":"2026-04-04T18:22:25.051Z"}
{"level":"info","message":"Fetching profile for user: userId=1bcd2365-f87d-42aa-a0e7-0271a665e47c","service":"test-service","timestamp":"2026-04-04T18:22:47.030Z"}
{"level":"info","message":"Profile fetched successfully for user: userId=1bcd2365-f87d-42aa-a0e7-0271a665e47c","service":"test-service","timestamp":"2026-04-04T18:22:47.032Z"}
{"level":"info","message":"Fetching profile for user: userId=1bcd2365-f87d-42aa-a0e7-0271a665e47c","service":"test-service","timestamp":"2026-04-04T18:22:52.022Z"}
{"level":"info","message":"Profile fetched successfully for user: userId=1bcd2365-f87d-42aa-a0e7-0271a665e47c","service":"test-service","timestamp":"2026-04-04T18:22:52.023Z"}
{"level":"info","message":"Fetching profile for user: userId=1bcd2365-f87d-42aa-a0e7-0271a665e47c","service":"test-service","timestamp":"2026-04-04T18:23:17.040Z"}
{"level":"info","message":"Profile fetched successfully for user: userId=1bcd2365-f87d-42aa-a0e7-0271a665e47c","service":"test-service","timestamp":"2026-04-04T18:23:17.041Z"}
{"level":"info","message":"Fetching profile for user: userId=1bcd2365-f87d-42aa-a0e7-0271a665e47c","service":"test-service","timestamp":"2026-04-04T18:23:21.035Z"}
{"level":"info","message":"Profile fetched successfully for user: userId=1bcd2365-f87d-42aa-a0e7-0271a665e47c","service":"test-service","timestamp":"2026-04-04T18:23:21.038Z"}
{"level":"info","message":"Fetching profile for user: userId=1bcd2365-f87d-42aa-a0e7-0271a665e47c","service":"test-service","timestamp":"2026-04-04T18:23:34.025Z"}
{"level":"info","message":"Profile fetched successfully for user: userId=1bcd2365-f87d-42aa-a0e7-0271a665e47c","service":"test-service","timestamp":"2026-04-04T18:23:34.028Z"}
{"level":"info","message":"Fetching profile for user: userId=1bcd2365-f87d-42aa-a0e7-0271a665e47c","service":"test-service","timestamp":"2026-04-04T18:24:41.318Z"}
{"level":"info","message":"Profile fetched successfully for user: userId=1bcd2365-f87d-42aa-a0e7-0271a665e47c","service":"test-service","timestamp":"2026-04-04T18:24:41.321Z"}
{"level":"info","message":"Fetching profile for user: userId=1bcd2365-f87d-42aa-a0e7-0271a665e47c","service":"test-service","timestamp":"2026-04-04T18:24:44.346Z"}
{"level":"info","message":"Profile fetched successfully for user: userId=1bcd2365-f87d-42aa-a0e7-0271a665e47c","service":"test-service","timestamp":"2026-04-04T18:24:44.348Z"}
{"level":"info","message":"Fetching profile for user: userId=1bcd2365-f87d-42aa-a0e7-0271a665e47c","service":"test-service","timestamp":"2026-04-04T18:24:47.408Z"}
{"level":"info","message":"Profile fetched successfully for user: userId=1bcd2365-f87d-42aa-a0e7-0271a665e47c","service":"test-service","timestamp":"2026-04-04T18:24:47.411Z"}
{"level":"info","message":"Fetching profile for user: userId=1bcd2365-f87d-42aa-a0e7-0271a665e47c","service":"test-service","timestamp":"2026-04-04T18:24:50.412Z"}
{"level":"info","message":"Profile fetched successfully for user: userId=1bcd2365-f87d-42aa-a0e7-0271a665e47c","service":"test-service","timestamp":"2026-04-04T18:24:50.415Z"}
{"level":"info","message":"Fetching profile for user: userId=1bcd2365-f87d-42aa-a0e7-0271a665e47c","service":"test-service","timestamp":"2026-04-04T18:24:57.027Z"}
{"level":"info","message":"Profile fetched successfully for user: userId=1bcd2365-f87d-42aa-a0e7-0271a665e47c","service":"test-service","timestamp":"2026-04-04T18:24:57.029Z"}
{"level":"info","message":"Fetching profile for user: userId=1bcd2365-f87d-42aa-a0e7-0271a665e47c","service":"test-service","timestamp":"2026-04-04T18:24:59.031Z"}
{"level":"info","message":"Profile fetched successfully for user: userId=1bcd2365-f87d-42aa-a0e7-0271a665e47c","service":"test-service","timestamp":"2026-04-04T18:24:59.032Z"}
{"level":"info","message":"Fetching profile for user: userId=1bcd2365-f87d-42aa-a0e7-0271a665e47c","service":"test-service","timestamp":"2026-04-04T18:25:00.916Z"}
{"level":"info","message":"Profile fetched successfully for user: userId=1bcd2365-f87d-42aa-a0e7-0271a665e47c","service":"test-service","timestamp":"2026-04-04T18:25:00.921Z"}
{"level":"info","message":"Fetching profile for user: userId=1bcd2365-f87d-42aa-a0e7-0271a665e47c","service":"test-service","timestamp":"2026-04-04T18:25:01.645Z"}
{"level":"info","message":"Profile fetched successfully for user: userId=1bcd2365-f87d-42aa-a0e7-0271a665e47c","service":"test-service","timestamp":"2026-04-04T18:25:01.646Z"}
{"level":"info","message":"Fetching profile for user: userId=1bcd2365-f87d-42aa-a0e7-0271a665e47c","service":"test-service","timestamp":"2026-04-04T18:25:21.247Z"}
{"level":"info","message":"Profile fetched successfully for user: userId=1bcd2365-f87d-42aa-a0e7-0271a665e47c","service":"test-service","timestamp":"2026-04-04T18:25:21.249Z"}
{"level":"info","message":"Fetching profile for user: userId=1bcd2365-f87d-42aa-a0e7-0271a665e47c","service":"test-service","timestamp":"2026-04-04T18:25:47.435Z"}
{"level":"info","message":"Profile fetched successfully for user: userId=1bcd2365-f87d-42aa-a0e7-0271a665e47c","service":"test-service","timestamp":"2026-04-04T18:25:47.437Z"}
{"level":"info","message":"Fetching profile for user: userId=1bcd2365-f87d-42aa-a0e7-0271a665e47c","service":"test-service","timestamp":"2026-04-04T18:25:49.380Z"}
{"level":"info","message":"Profile fetched successfully for user: userId=1bcd2365-f87d-42aa-a0e7-0271a665e47c","service":"test-service","timestamp":"2026-04-04T18:25:49.382Z"}
{"level":"info","message":"Fetching profile for user: userId=1bcd2365-f87d-42aa-a0e7-0271a665e47c","service":"test-service","timestamp":"2026-04-04T18:25:51.380Z"}
{"level":"info","message":"Profile fetched successfully for user: userId=1bcd2365-f87d-42aa-a0e7-0271a665e47c","service":"test-service","timestamp":"2026-04-04T18:25:51.382Z"}
{"level":"info","message":"Fetching profile for user: userId=1bcd2365-f87d-42aa-a0e7-0271a665e47c","service":"test-service","timestamp":"2026-04-04T18:25:55.320Z"}
{"level":"info","message":"Profile fetched successfully for user: userId=1bcd2365-f87d-42aa-a0e7-0271a665e47c","service":"test-service","timestamp":"2026-04-04T18:25:55.324Z"}
{"level":"info","message":"Fetching profile for user: userId=1bcd2365-f87d-42aa-a0e7-0271a665e47c","service":"test-service","timestamp":"2026-04-04T18:26:00.387Z"}
{"level":"info","message":"Profile fetched successfully for user: userId=1bcd2365-f87d-42aa-a0e7-0271a665e47c","service":"test-service","timestamp":"2026-04-04T18:26:00.394Z"}
{"level":"info","message":"Fetching profile for user: userId=1bcd2365-f87d-42aa-a0e7-0271a665e47c","service":"test-service","timestamp":"2026-04-04T18:26:03.289Z"}
{"level":"info","message":"Profile fetched successfully for user: userId=1bcd2365-f87d-42aa-a0e7-0271a665e47c","service":"test-service","timestamp":"2026-04-04T18:26:03.292Z"}
{"level":"info","message":"Fetching profile for user: userId=1bcd2365-f87d-42aa-a0e7-0271a665e47c","service":"test-service","timestamp":"2026-04-04T18:26:19.043Z"}
{"level":"info","message":"Profile fetched successfully for user: userId=1bcd2365-f87d-42aa-a0e7-0271a665e47c","service":"test-service","timestamp":"2026-04-04T18:26:19.045Z"}
{"level":"info","message":"Fetching profile for user: userId=1bcd2365-f87d-42aa-a0e7-0271a665e47c","service":"test-service","timestamp":"2026-04-04T18:26:20.054Z"}
{"level":"info","message":"Profile fetched successfully for user: userId=1bcd2365-f87d-42aa-a0e7-0271a665e47c","service":"test-service","timestamp":"2026-04-04T18:26:20.056Z"}
{"level":"info","message":"Fetching profile for user: userId=1bcd2365-f87d-42aa-a0e7-0271a665e47c","service":"test-service","timestamp":"2026-04-04T18:26:24.023Z"}
{"level":"info","message":"Profile fetched successfully for user: userId=1bcd2365-f87d-42aa-a0e7-0271a665e47c","service":"test-service","timestamp":"2026-04-04T18:26:24.026Z"}
{"level":"info","message":"Fetching profile for user: userId=1bcd2365-f87d-42aa-a0e7-0271a665e47c","service":"test-service","timestamp":"2026-04-04T18:26:25.037Z"}
{"level":"info","message":"Profile fetched successfully for user: userId=1bcd2365-f87d-42aa-a0e7-0271a665e47c","service":"test-service","timestamp":"2026-04-04T18:26:25.039Z"}
{"level":"info","message":"Fetching profile for user: userId=1bcd2365-f87d-42aa-a0e7-0271a665e47c","service":"test-service","timestamp":"2026-04-04T18:26:56.083Z"}
{"level":"info","message":"Profile fetched successfully for user: userId=1bcd2365-f87d-42aa-a0e7-0271a665e47c","service":"test-service","timestamp":"2026-04-04T18:26:56.086Z"}
{"level":"info","message":"Fetching profile for user: userId=1bcd2365-f87d-42aa-a0e7-0271a665e47c","service":"test-service","timestamp":"2026-04-04T18:27:03.036Z"}
{"level":"info","message":"Profile fetched successfully for user: userId=1bcd2365-f87d-42aa-a0e7-0271a665e47c","service":"test-service","timestamp":"2026-04-04T18:27:03.037Z"}
{"level":"info","message":"Fetching profile for user: userId=1bcd2365-f87d-42aa-a0e7-0271a665e47c","service":"test-service","timestamp":"2026-04-04T18:27:32.028Z"}
{"level":"info","message":"Profile fetched successfully for user: userId=1bcd2365-f87d-42aa-a0e7-0271a665e47c","service":"test-service","timestamp":"2026-04-04T18:27:32.029Z"}
{"level":"info","message":"Fetching profile for user: userId=1bcd2365-f87d-42aa-a0e7-0271a665e47c","service":"test-service","timestamp":"2026-04-04T18:27:36.892Z"}
{"level":"info","message":"Profile fetched successfully for user: userId=1bcd2365-f87d-42aa-a0e7-0271a665e47c","service":"test-service","timestamp":"2026-04-04T18:27:36.894Z"}
{"level":"info","message":"Fetching profile for user: userId=1bcd2365-f87d-42aa-a0e7-0271a665e47c","service":"test-service","timestamp":"2026-04-04T18:27:38.032Z"}
{"level":"info","message":"Profile fetched successfully for user: userId=1bcd2365-f87d-42aa-a0e7-0271a665e47c","service":"test-service","timestamp":"2026-04-04T18:27:38.034Z"}
{"level":"info","message":"Fetching profile for user: userId=1bcd2365-f87d-42aa-a0e7-0271a665e47c","service":"test-service","timestamp":"2026-04-04T18:27:40.037Z"}
{"level":"info","message":"Profile fetched successfully for user: userId=1bcd2365-f87d-42aa-a0e7-0271a665e47c","service":"test-service","timestamp":"2026-04-04T18:27:40.039Z"}
{"level":"info","message":"Fetching profile for user: userId=1bcd2365-f87d-42aa-a0e7-0271a665e47c","service":"test-service","timestamp":"2026-04-04T18:27:57.024Z"}
{"level":"info","message":"Profile fetched successfully for user: userId=1bcd2365-f87d-42aa-a0e7-0271a665e47c","service":"test-service","timestamp":"2026-04-04T18:27:57.026Z"}
{"level":"info","message":"Fetching profile for user: userId=1bcd2365-f87d-42aa-a0e7-0271a665e47c","service":"test-service","timestamp":"2026-04-04T18:28:00.030Z"}
{"level":"info","message":"Profile fetched successfully for user: userId=1bcd2365-f87d-42aa-a0e7-0271a665e47c","service":"test-service","timestamp":"2026-04-04T18:28:00.032Z"}
{"level":"info","message":"Fetching profile for user: userId=1bcd2365-f87d-42aa-a0e7-0271a665e47c","service":"test-service","timestamp":"2026-04-04T18:28:05.214Z"}
{"level":"info","message":"Profile fetched successfully for user: userId=1bcd2365-f87d-42aa-a0e7-0271a665e47c","service":"test-service","timestamp":"2026-04-04T18:28:05.215Z"}
{"level":"info","message":"Fetching profile for user: userId=1bcd2365-f87d-42aa-a0e7-0271a665e47c","service":"test-service","timestamp":"2026-04-04T18:28:14.633Z"}
{"level":"info","message":"Profile fetched successfully for user: userId=1bcd2365-f87d-42aa-a0e7-0271a665e47c","service":"test-service","timestamp":"2026-04-04T18:28:14.640Z"}
{"level":"error","message":"Table is not associated to Booking!","service":"test-service","timestamp":"2026-04-09T20:43:49.690Z"}
{"level":"error","message":"Table is not associated to Booking!","service":"test-service","timestamp":"2026-04-09T20:52:43.350Z"}
{"level":"error","message":"Unknown column 'table.bookingIds' in 'field list'","service":"test-service","timestamp":"2026-04-09T21:02:25.850Z"}
{"level":"error","message":"Unknown column 'table.bookingIds' in 'field list'","service":"test-service","timestamp":"2026-04-09T21:02:26.950Z"}
{"level":"error","message":"Unknown column 'table.bookingIds' in 'field list'","service":"test-service","timestamp":"2026-04-09T21:02:27.820Z"}
{"level":"error","message":"Unknown column 'foods->BookingFoods.name' in 'field list'","service":"test-service","timestamp":"2026-04-09T21:04:26.441Z"}
{"level":"error","message":"Unknown column 'foods->BookingFoods.name' in 'field list'","service":"test-service","timestamp":"2026-04-09T21:04:27.560Z"}
{"level":"error","message":"Unknown column 'foods->BookingFoods.name' in 'field list'","service":"test-service","timestamp":"2026-04-09T21:04:32.127Z"}
{"level":"info","message":"Bookings fetched successfully","service":"test-service","timestamp":"2026-04-09T21:09:41.170Z"}
{"level":"info","message":"Bookings fetched successfully","service":"test-service","timestamp":"2026-04-09T21:09:43.228Z"}
{"level":"info","message":"Bookings fetched successfully","service":"test-service","timestamp":"2026-04-09T21:15:56.358Z"}
{"level":"info","message":"Bookings fetched successfully","service":"test-service","timestamp":"2026-04-09T21:16:17.989Z"}
{"level":"info","message":"Bookings fetched successfully","service":"test-service","timestamp":"2026-04-09T21:16:18.982Z"}
{"level":"info","message":"Bookings fetched successfully","service":"test-service","timestamp":"2026-04-09T21:16:19.180Z"}
{"level":"info","message":"Bookings fetched successfully","service":"test-service","timestamp":"2026-04-09T21:16:19.389Z"}
{"level":"info","message":"Bookings fetched successfully","service":"test-service","timestamp":"2026-04-09T21:16:19.588Z"}
{"level":"info","message":"Bookings fetched successfully","service":"test-service","timestamp":"2026-04-09T21:16:19.804Z"}
{"level":"info","message":"Bookings fetched successfully","service":"test-service","timestamp":"2026-04-09T21:16:20.019Z"}
{"level":"info","message":"Bookings fetched successfully","service":"test-service","timestamp":"2026-04-09T21:17:43.742Z"}
{"level":"info","message":"Bookings fetched successfully","service":"test-service","timestamp":"2026-04-09T21:17:45.048Z"}
{"level":"info","message":"Bookings fetched successfully","service":"test-service","timestamp":"2026-04-09T21:17:54.654Z"}
{"level":"info","message":"Bookings fetched successfully","service":"test-service","timestamp":"2026-04-09T21:17:59.163Z"}
{"level":"info","message":"Bookings fetched successfully","service":"test-service","timestamp":"2026-04-09T21:19:33.927Z"}
{"level":"info","message":"Bookings fetched successfully","service":"test-service","timestamp":"2026-04-09T21:19:38.339Z"}
{"level":"info","message":"Bookings fetched successfully","service":"test-service","timestamp":"2026-04-09T21:20:30.311Z"}
{"level":"info","message":"Bookings fetched successfully","service":"test-service","timestamp":"2026-04-09T21:42:44.731Z"}
{"level":"info","message":"Bookings fetched successfully","service":"test-service","timestamp":"2026-04-09T21:42:50.705Z"}
{"level":"info","message":"Bookings fetched successfully","service":"test-service","timestamp":"2026-04-09T21:43:04.866Z"}
{"level":"info","message":"Bookings fetched successfully","service":"test-service","timestamp":"2026-04-09T21:43:09.199Z"}
{"level":"info","message":"Bookings fetched successfully","service":"test-service","timestamp":"2026-04-09T21:43:15.062Z"}
{"level":"info","message":"Bookings fetched successfully","service":"test-service","timestamp":"2026-04-09T21:43:23.854Z"}
{"level":"info","message":"Bookings fetched successfully","service":"test-service","timestamp":"2026-04-09T21:43:35.911Z"}
{"level":"info","message":"Bookings fetched successfully","service":"test-service","timestamp":"2026-04-09T21:43:39.723Z"}
{"level":"info","message":"Bookings fetched successfully","service":"test-service","timestamp":"2026-04-09T21:43:40.762Z"}
{"level":"info","message":"Bookings fetched successfully","service":"test-service","timestamp":"2026-04-09T21:43:40.959Z"}
{"level":"info","message":"Bookings fetched successfully","service":"test-service","timestamp":"2026-04-09T21:43:41.180Z"}
{"level":"info","message":"Bookings fetched successfully","service":"test-service","timestamp":"2026-04-09T21:43:44.282Z"}
{"level":"error","message":"Table is not associated to Booking!","service":"test-service","timestamp":"2026-04-10T13:40:05.232Z"}
{"level":"error","message":"Table is not associated to Booking!","service":"test-service","timestamp":"2026-04-10T13:40:29.181Z"}
{"level":"error","message":"Table is not associated to Booking!","service":"test-service","timestamp":"2026-04-10T13:40:30.288Z"}
{"level":"info","message":"Bookings fetched successfully","service":"test-service","timestamp":"2026-04-10T13:40:47.171Z"}
{"level":"info","message":"Bookings fetched successfully","service":"test-service","timestamp":"2026-04-10T13:41:04.540Z"}
{"level":"info","message":"Bookings fetched successfully","service":"test-service","timestamp":"2026-04-10T13:42:24.384Z"}
{"level":"info","message":"Bookings fetched successfully","service":"test-service","timestamp":"2026-04-10T13:42:52.750Z"}
{"level":"info","message":"Bookings fetched successfully","service":"test-service","timestamp":"2026-04-10T13:55:54.048Z"}
{"level":"info","message":"Bookings fetched successfully","service":"test-service","timestamp":"2026-04-10T13:55:55.773Z"}
{"level":"info","message":"Bookings fetched successfully","service":"test-service","timestamp":"2026-04-10T13:55:56.138Z"}
{"level":"info","message":"Bookings fetched successfully","service":"test-service","timestamp":"2026-04-10T13:55:56.155Z"}
{"level":"info","message":"Bookings fetched successfully","service":"test-service","timestamp":"2026-04-10T13:56:04.568Z"}
{"level":"info","message":"Bookings fetched successfully","service":"test-service","timestamp":"2026-04-10T13:56:35.118Z"}
{"level":"info","message":"Bookings fetched successfully","service":"test-service","timestamp":"2026-04-10T13:56:40.558Z"}
{"level":"info","message":"Bookings fetched successfully","service":"test-service","timestamp":"2026-04-10T13:56:42.141Z"}
{"level":"info","message":"Bookings fetched successfully","service":"test-service","timestamp":"2026-04-10T13:56:42.848Z"}
{"level":"info","message":"Bookings fetched successfully","service":"test-service","timestamp":"2026-04-10T13:56:43.061Z"}
{"level":"info","message":"Bookings fetched successfully","service":"test-service","timestamp":"2026-04-10T13:56:43.269Z"}
{"level":"info","message":"Bookings fetched successfully","service":"test-service","timestamp":"2026-04-10T13:56:43.487Z"}
{"level":"info","message":"Bookings fetched successfully","service":"test-service","timestamp":"2026-04-10T13:56:43.704Z"}
{"level":"info","message":"Bookings fetched successfully","service":"test-service","timestamp":"2026-04-10T13:56:43.945Z"}
{"level":"info","message":"Bookings fetched successfully","service":"test-service","timestamp":"2026-04-10T13:56:44.145Z"}
{"level":"info","message":"Bookings fetched successfully","service":"test-service","timestamp":"2026-04-10T13:56:44.341Z"}
{"level":"info","message":"Bookings fetched successfully","service":"test-service","timestamp":"2026-04-10T13:56:44.554Z"}
{"level":"info","message":"Bookings fetched successfully","service":"test-service","timestamp":"2026-04-10T13:56:44.744Z"}
{"level":"info","message":"Bookings fetched successfully","service":"test-service","timestamp":"2026-04-10T13:56:44.951Z"}
{"level":"info","message":"Bookings fetched successfully","service":"test-service","timestamp":"2026-04-10T13:56:45.140Z"}
{"level":"info","message":"Bookings fetched successfully","service":"test-service","timestamp":"2026-04-10T13:56:45.143Z"}
{"level":"info","message":"Bookings fetched successfully","service":"test-service","timestamp":"2026-04-10T13:56:45.447Z"}
{"level":"info","message":"Bookings fetched successfully","service":"test-service","timestamp":"2026-04-10T14:26:49.412Z"}
{"level":"info","message":"Bookings fetched successfully","service":"test-service","timestamp":"2026-04-10T14:27:32.402Z"}
{"level":"info","message":"Bookings fetched successfully","service":"test-service","timestamp":"2026-04-10T14:28:26.855Z"}
{"level":"info","message":"Bookings fetched successfully","service":"test-service","timestamp":"2026-04-10T14:29:27.540Z"}
{"level":"info","message":"Bookings fetched successfully","service":"test-service","timestamp":"2026-04-10T14:33:13.372Z"}
{"level":"info","message":"Bookings fetched successfully","service":"test-service","timestamp":"2026-04-10T14:33:39.238Z"}
{"level":"info","message":"Bookings fetched successfully","service":"test-service","timestamp":"2026-04-10T14:52:10.561Z"}
{"level":"error","message":"Unexpected token 'o', \"[object Seq\"... is not valid JSON","service":"test-service","timestamp":"2026-04-10T15:15:48.224Z"}
{"level":"info","message":"Bookings fetched successfully","service":"test-service","timestamp":"2026-04-10T15:16:13.660Z"}
{"level":"info","message":"Bookings fetched successfully","service":"test-service","timestamp":"2026-04-10T15:16:45.961Z"}
{"level":"info","message":"Bookings fetched successfully","service":"test-service","timestamp":"2026-04-10T15:16:58.741Z"}
{"level":"info","message":"Bookings fetched successfully","service":"test-service","timestamp":"2026-04-10T15:24:11.138Z"}
{"level":"info","message":"Bookings fetched successfully","service":"test-service","timestamp":"2026-04-10T15:24:29.151Z"}
{"level":"info","message":"Bookings fetched successfully","service":"test-service","timestamp":"2026-04-10T15:24:30.296Z"}
{"level":"info","message":"Bookings fetched successfully","service":"test-service","timestamp":"2026-04-10T15:27:54.908Z"}
{"level":"info","message":"Bookings fetched successfully","service":"test-service","timestamp":"2026-04-10T15:31:46.730Z"}
{"level":"info","message":"Bookings fetched successfully","service":"test-service","timestamp":"2026-04-10T15:31:47.476Z"}
{"level":"info","message":"Bookings fetched successfully","service":"test-service","timestamp":"2026-04-10T15:31:47.657Z"}
{"level":"info","message":"Bookings fetched successfully","service":"test-service","timestamp":"2026-04-10T15:31:47.880Z"}
{"level":"info","message":"Bookings fetched successfully","service":"test-service","timestamp":"2026-04-10T15:41:35.212Z"}
{"level":"error","message":"Cannot add or update a child row: a foreign key constraint fails (`possystem`.`bookingfoods`, CONSTRAINT `bookingfoods_ibfk_2` FOREIGN KEY (`foodId`) REFERENCES `foods` (`id`) ON DELETE CASCADE ON UPDATE CASCADE)","service":"test-service","timestamp":"2026-04-10T16:19:23.788Z"}
{"level":"error","message":"Cannot add or update a child row: a foreign key constraint fails (`possystem`.`bookingfoods`, CONSTRAINT `bookingfoods_ibfk_2` FOREIGN KEY (`foodId`) REFERENCES `foods` (`id`) ON DELETE CASCADE ON UPDATE CASCADE)","service":"test-service","timestamp":"2026-04-10T16:20:05.277Z"}
{"level":"error","message":"Cannot add or update a child row: a foreign key constraint fails (`possystem`.`bookingfoods`, CONSTRAINT `bookingfoods_ibfk_2` FOREIGN KEY (`foodId`) REFERENCES `foods` (`id`) ON DELETE CASCADE ON UPDATE CASCADE)","service":"test-service","timestamp":"2026-04-10T16:21:34.074Z"}
{"level":"error","message":"Cannot add or update a child row: a foreign key constraint fails (`possystem`.`bookingfoods`, CONSTRAINT `bookingfoods_ibfk_2` FOREIGN KEY (`foodId`) REFERENCES `foods` (`id`) ON DELETE CASCADE ON UPDATE CASCADE)","service":"test-service","timestamp":"2026-04-10T16:21:35.279Z"}
{"level":"error","message":"Cannot add or update a child row: a foreign key constraint fails (`possystem`.`bookingfoods`, CONSTRAINT `bookingfoods_ibfk_2` FOREIGN KEY (`foodId`) REFERENCES `foods` (`id`) ON DELETE CASCADE ON UPDATE CASCADE)","service":"test-service","timestamp":"2026-04-10T16:21:35.463Z"}
{"level":"error","message":"Cannot add or update a child row: a foreign key constraint fails (`possystem`.`bookingfoods`, CONSTRAINT `bookingfoods_ibfk_2` FOREIGN KEY (`foodId`) REFERENCES `foods` (`id`) ON DELETE CASCADE ON UPDATE CASCADE)","service":"test-service","timestamp":"2026-04-10T16:21:35.646Z"}
{"level":"error","message":"Cannot add or update a child row: a foreign key constraint fails (`possystem`.`bookingfoods`, CONSTRAINT `bookingfoods_ibfk_2` FOREIGN KEY (`foodId`) REFERENCES `foods` (`id`) ON DELETE CASCADE ON UPDATE CASCADE)","service":"test-service","timestamp":"2026-04-10T16:21:35.837Z"}
{"level":"error","message":"Cannot add or update a child row: a foreign key constraint fails (`possystem`.`bookingfoods`, CONSTRAINT `bookingfoods_ibfk_2` FOREIGN KEY (`foodId`) REFERENCES `foods` (`id`) ON DELETE CASCADE ON UPDATE CASCADE)","service":"test-service","timestamp":"2026-04-10T16:21:36.007Z"}
{"level":"error","message":"Cannot add or update a child row: a foreign key constraint fails (`possystem`.`bookingfoods`, CONSTRAINT `bookingfoods_ibfk_2` FOREIGN KEY (`foodId`) REFERENCES `foods` (`id`) ON DELETE CASCADE ON UPDATE CASCADE)","service":"test-service","timestamp":"2026-04-10T16:21:36.174Z"}
{"level":"error","message":"Cannot add or update a child row: a foreign key constraint fails (`possystem`.`bookingfoods`, CONSTRAINT `bookingfoods_ibfk_2` FOREIGN KEY (`foodId`) REFERENCES `foods` (`id`) ON DELETE CASCADE ON UPDATE CASCADE)","service":"test-service","timestamp":"2026-04-10T16:21:36.364Z"}
{"level":"error","message":"Cannot add or update a child row: a foreign key constraint fails (`possystem`.`bookingfoods`, CONSTRAINT `bookingfoods_ibfk_2` FOREIGN KEY (`foodId`) REFERENCES `foods` (`id`) ON DELETE CASCADE ON UPDATE CASCADE)","service":"test-service","timestamp":"2026-04-10T16:21:36.554Z"}
{"level":"error","message":"Cannot add or update a child row: a foreign key constraint fails (`possystem`.`bookingfoods`, CONSTRAINT `bookingfoods_ibfk_2` FOREIGN KEY (`foodId`) REFERENCES `foods` (`id`) ON DELETE CASCADE ON UPDATE CASCADE)","service":"test-service","timestamp":"2026-04-10T16:21:36.736Z"}
{"level":"error","message":"Cannot add or update a child row: a foreign key constraint fails (`possystem`.`bookingfoods`, CONSTRAINT `bookingfoods_ibfk_2` FOREIGN KEY (`foodId`) REFERENCES `foods` (`id`) ON DELETE CASCADE ON UPDATE CASCADE)","service":"test-service","timestamp":"2026-04-10T16:21:36.948Z"}
{"level":"error","message":"Cannot add or update a child row: a foreign key constraint fails (`possystem`.`bookingfoods`, CONSTRAINT `bookingfoods_ibfk_2` FOREIGN KEY (`foodId`) REFERENCES `foods` (`id`) ON DELETE CASCADE ON UPDATE CASCADE)","service":"test-service","timestamp":"2026-04-10T16:21:37.134Z"}
{"level":"error","message":"Cannot add or update a child row: a foreign key constraint fails (`possystem`.`bookingfoods`, CONSTRAINT `bookingfoods_ibfk_2` FOREIGN KEY (`foodId`) REFERENCES `foods` (`id`) ON DELETE CASCADE ON UPDATE CASCADE)","service":"test-service","timestamp":"2026-04-10T16:21:42.659Z"}
{"level":"info","message":"Bookings fetched successfully","service":"test-service","timestamp":"2026-04-10T16:22:10.435Z"}
{"level":"info","message":"Bookings fetched successfully","service":"test-service","timestamp":"2026-04-10T16:22:14.372Z"}
{"level":"info","message":"Bookings fetched successfully","service":"test-service","timestamp":"2026-04-10T16:22:23.590Z"}
{"level":"info","message":"Bookings fetched successfully","service":"test-service","timestamp":"2026-04-10T17:58:27.859Z"}
{"level":"info","message":"Bookings fetched successfully","service":"test-service","timestamp":"2026-04-10T17:58:28.810Z"}
{"level":"info","message":"Bookings fetched successfully","service":"test-service","timestamp":"2026-04-11T15:16:02.518Z"}
{"level":"info","message":"Bookings fetched successfully","service":"test-service","timestamp":"2026-04-11T15:56:54.900Z"}
{"level":"info","message":"Bookings fetched successfully","service":"test-service","timestamp":"2026-04-11T15:56:55.883Z"}
{"level":"info","message":"Bookings fetched successfully","service":"test-service","timestamp":"2026-04-11T15:57:58.065Z"}
{"level":"info","message":"Bookings fetched successfully","service":"test-service","timestamp":"2026-04-11T16:19:29.478Z"}
{"level":"info","message":"Bookings fetched successfully","service":"test-service","timestamp":"2026-04-11T16:19:30.122Z"}
{"level":"error","message":"User not found","service":"test-service","timestamp":"2026-04-11T19:52:25.380Z"}
{"level":"info","message":"Otp sent successfully","service":"test-service","timestamp":"2026-04-11T19:53:54.114Z"}
{"level":"info","message":"Otp verified","service":"test-service","timestamp":"2026-04-11T19:54:55.320Z"}
{"level":"error","message":"Otp not sent","service":"test-service","timestamp":"2026-04-11T19:54:56.537Z"}
{"level":"error","message":"Otp not sent","service":"test-service","timestamp":"2026-04-11T19:55:00.999Z"}
{"level":"error","message":"Otp not sent","service":"test-service","timestamp":"2026-04-11T19:55:02.521Z"}
{"level":"error","message":"Otp not sent","service":"test-service","timestamp":"2026-04-11T19:55:11.063Z"}
{"level":"info","message":"Otp sent successfully","service":"test-service","timestamp":"2026-04-11T19:56:18.837Z"}
{"level":"info","message":"Otp verified","service":"test-service","timestamp":"2026-04-11T19:56:38.690Z"}
{"level":"info","message":"User register successfully","service":"test-service","timestamp":"2026-04-11T19:57:43.613Z"}
{"level":"info","message":"User login successfully","service":"test-service","timestamp":"2026-04-11T19:58:32.740Z"}
{"level":"error","message":"User not found","service":"test-service","timestamp":"2026-04-11T19:59:43.030Z"}
{"level":"error","message":"User not found","service":"test-service","timestamp":"2026-04-11T19:59:45.010Z"}
{"level":"error","message":"User not found","service":"test-service","timestamp":"2026-04-11T20:00:32.737Z"}
{"level":"error","message":"User not found","service":"test-service","timestamp":"2026-04-11T20:01:21.920Z"}
{"level":"info","message":"User login successfully","service":"test-service","timestamp":"2026-04-11T20:23:20.123Z"}
{"level":"error","message":"Table 'possystem.bookingfoods' doesn't exist","service":"test-service","timestamp":"2026-04-11T20:33:51.319Z"}
{"level":"error","message":"Table 'possystem.bookingfoods' doesn't exist","service":"test-service","timestamp":"2026-04-11T20:34:21.405Z"}
{"level":"error","message":"Table 'possystem.bookingfoods' doesn't exist","service":"test-service","timestamp":"2026-04-11T20:34:22.194Z"}
{"level":"error","message":"Table 'possystem.bookingfoods' doesn't exist","service":"test-service","timestamp":"2026-04-11T20:34:22.592Z"}
{"level":"error","message":"Table 'possystem.bookingfoods' doesn't exist","service":"test-service","timestamp":"2026-04-11T20:34:22.834Z"}
{"level":"error","message":"Table 'possystem.bookingfoods' doesn't exist","service":"test-service","timestamp":"2026-04-11T20:34:22.867Z"}
{"level":"error","message":"Table 'possystem.bookingfoods' doesn't exist","service":"test-service","timestamp":"2026-04-11T20:34:23.174Z"}
{"level":"error","message":"Table 'possystem.bookingfoods' doesn't exist","service":"test-service","timestamp":"2026-04-11T20:34:23.436Z"}
{"level":"error","message":"Table 'possystem.bookingfoods' doesn't exist","service":"test-service","timestamp":"2026-04-11T20:34:23.668Z"}
{"level":"error","message":"Table 'possystem.bookingfoods' doesn't exist","service":"test-service","timestamp":"2026-04-11T20:34:23.907Z"}
{"level":"error","message":"Table 'possystem.bookingfoods' doesn't exist","service":"test-service","timestamp":"2026-04-11T20:36:12.445Z"}
{"level":"info","message":"Otp sent successfully","service":"test-service","timestamp":"2026-04-11T20:43:32.399Z"}
{"level":"info","message":"Otp verified","service":"test-service","timestamp":"2026-04-11T20:46:00.377Z"}
{"level":"info","message":"User register successfully","service":"test-service","timestamp":"2026-04-11T20:46:43.925Z"}
{"level":"info","message":"User login successfully","service":"test-service","timestamp":"2026-04-11T20:47:06.374Z"}
{"level":"info","message":"User login successfully","service":"test-service","timestamp":"2026-04-11T21:09:18.932Z"}
{"level":"info","message":"Booking created successfully","service":"test-service","timestamp":"2026-04-11T21:09:43.036Z"}
{"level":"info","message":"Bookings fetched successfully","service":"test-service","timestamp":"2026-04-11T21:12:51.262Z"}
{"level":"info","message":"Bookings fetched successfully","service":"test-service","timestamp":"2026-04-11T21:12:57.537Z"}
{"level":"info","message":"Bookings fetched successfully","service":"test-service","timestamp":"2026-04-11T21:13:01.652Z"}
{"level":"info","message":"Bookings fetched successfully","service":"test-service","timestamp":"2026-04-11T21:13:05.888Z"}
{"level":"info","message":"Bookings fetched successfully","service":"test-service","timestamp":"2026-04-11T21:13:12.125Z"}
{"level":"info","message":"Bookings fetched successfully","service":"test-service","timestamp":"2026-04-11T21:13:24.343Z"}
{"level":"info","message":"Bookings fetched successfully","service":"test-service","timestamp":"2026-04-11T21:13:31.530Z"}
{"level":"info","message":"Bookings fetched successfully","service":"test-service","timestamp":"2026-04-11T21:13:32.922Z"}
{"level":"info","message":"Bookings fetched successfully","service":"test-service","timestamp":"2026-04-11T21:13:33.300Z"}
{"level":"info","message":"Bookings fetched successfully","service":"test-service","timestamp":"2026-04-11T21:13:33.302Z"}
{"level":"info","message":"Bookings fetched successfully","service":"test-service","timestamp":"2026-04-11T21:13:33.682Z"}
{"level":"info","message":"Bookings fetched successfully","service":"test-service","timestamp":"2026-04-11T21:13:33.685Z"}
{"level":"info","message":"Bookings fetched successfully","service":"test-service","timestamp":"2026-04-11T21:16:22.534Z"}
{"level":"info","message":"Bookings fetched successfully","service":"test-service","timestamp":"2026-04-11T21:16:41.895Z"}
{"level":"info","message":"Bookings fetched successfully","service":"test-service","timestamp":"2026-04-11T21:16:47.413Z"}
{"level":"info","message":"Bookings fetched successfully","service":"test-service","timestamp":"2026-04-11T21:18:15.110Z"}
{"level":"info","message":"Bookings fetched successfully","service":"test-service","timestamp":"2026-04-11T21:18:20.511Z"}
{"level":"info","message":"Bookings fetched successfully","service":"test-service","timestamp":"2026-04-11T21:23:04.332Z"}
{"level":"info","message":"Bookings fetched successfully","service":"test-service","timestamp":"2026-04-11T21:23:06.026Z"}
{"level":"info","message":"Bookings fetched successfully","service":"test-service","timestamp":"2026-04-11T21:23:06.906Z"}
{"level":"info","message":"Bookings fetched successfully","service":"test-service","timestamp":"2026-04-11T21:23:07.137Z"}
{"level":"info","message":"Bookings fetched successfully","service":"test-service","timestamp":"2026-04-11T21:23:10.508Z"}
{"level":"info","message":"Bookings fetched successfully","service":"test-service","timestamp":"2026-04-11T21:23:11.434Z"}
{"level":"info","message":"Bookings fetched successfully","service":"test-service","timestamp":"2026-04-11T21:23:11.656Z"}
{"level":"info","message":"Bookings fetched successfully","service":"test-service","timestamp":"2026-04-11T21:23:51.597Z"}
{"level":"info","message":"Bookings fetched successfully","service":"test-service","timestamp":"2026-04-11T21:24:06.913Z"}
{"level":"info","message":"Bookings fetched successfully","service":"test-service","timestamp":"2026-04-11T21:24:11.835Z"}
{"level":"info","message":"Bookings fetched successfully","service":"test-service","timestamp":"2026-04-11T21:24:17.205Z"}
{"level":"info","message":"User login successfully","service":"test-service","timestamp":"2026-04-11T21:30:07.111Z"}
{"level":"info","message":"Bookings fetched successfully","service":"test-service","timestamp":"2026-04-11T21:31:16.363Z"}
{"level":"info","message":"Bookings fetched successfully","service":"test-service","timestamp":"2026-04-11T21:31:21.928Z"}
{"level":"info","message":"Bookings fetched successfully","service":"test-service","timestamp":"2026-04-11T21:35:02.829Z"}
{"level":"info","message":"Bookings fetched successfully","service":"test-service","timestamp":"2026-04-11T21:35:13.346Z"}
{"level":"info","message":"Bookings fetched successfully","service":"test-service","timestamp":"2026-04-11T21:36:04.292Z"}
{"level":"info","message":"Otp sent successfully","service":"test-service","timestamp":"2026-04-12T17:01:09.699Z"}
{"level":"info","message":"Otp verified","service":"test-service","timestamp":"2026-04-12T17:01:38.149Z"}
{"level":"info","message":"User register successfully","service":"test-service","timestamp":"2026-04-12T17:08:28.469Z"}
{"level":"info","message":"User login successfully","service":"test-service","timestamp":"2026-04-12T17:14:57.941Z"}
{"level":"info","message":"Booking created successfully","service":"test-service","timestamp":"2026-04-12T17:23:07.419Z"}
{"level":"info","message":"User login successfully","service":"test-service","timestamp":"2026-04-12T20:57:18.615Z"}
{"level":"info","message":"Booking created successfully","service":"test-service","timestamp":"2026-04-12T20:58:27.366Z"}
{"level":"info","message":"Refresh token successfully","service":"test-service","timestamp":"2026-04-12T21:19:00.768Z"}
{"level":"info","message":"Booking created successfully","service":"test-service","timestamp":"2026-04-12T21:19:14.762Z"}
{"level":"info","message":"Booking created successfully","service":"test-service","timestamp":"2026-04-12T21:26:44.002Z"}
{"level":"info","message":"Booking created successfully","service":"test-service","timestamp":"2026-04-12T21:28:46.549Z"}
{"level":"info","message":"Booking created successfully","service":"test-service","timestamp":"2026-04-12T21:30:32.461Z"}
{"level":"info","message":"Booking created successfully","service":"test-service","timestamp":"2026-04-12T21:31:18.418Z"}
{"level":"info","message":"Booking created successfully","service":"test-service","timestamp":"2026-04-12T21:32:49.147Z"}
{"level":"info","message":"Refresh token successfully","service":"test-service","timestamp":"2026-04-12T21:56:08.246Z"}
{"level":"error","message":"Unknown column 'id' in 'field list'","service":"test-service","timestamp":"2026-04-12T21:56:22.267Z"}
{"level":"info","message":"Otp sent successfully","service":"test-service","timestamp":"2026-04-13T13:10:51.354Z"}
{"level":"info","message":"Otp verified","service":"test-service","timestamp":"2026-04-13T13:11:30.015Z"}
{"level":"info","message":"User register successfully","service":"test-service","timestamp":"2026-04-13T13:12:18.695Z"}
{"level":"info","message":"User login successfully","service":"test-service","timestamp":"2026-04-13T13:12:33.258Z"}
{"level":"info","message":"Refresh token successfully","service":"test-service","timestamp":"2026-04-13T13:34:28.934Z"}
{"level":"info","message":"Refresh token successfully","service":"test-service","timestamp":"2026-04-13T13:47:57.385Z"}
{"level":"info","message":"Booking created successfully","service":"test-service","timestamp":"2026-04-13T13:48:07.925Z"}
{"level":"info","message":"Booking created successfully","service":"test-service","timestamp":"2026-04-13T13:50:16.129Z"}
{"level":"error","message":"Table 'possystem.payments' doesn't exist","service":"test-service","timestamp":"2026-04-13T18:13:34.782Z"}
{"level":"info","message":"Refresh token successfully","service":"test-service","timestamp":"2026-04-13T18:13:42.467Z"}
{"level":"error","message":"User not found","service":"test-service","timestamp":"2026-04-13T18:45:14.362Z"}
{"level":"error","message":"User not found","service":"test-service","timestamp":"2026-04-13T18:45:15.762Z"}
{"level":"info","message":"Otp sent successfully","service":"test-service","timestamp":"2026-04-13T18:45:50.149Z"}
{"level":"info","message":"Otp verified","service":"test-service","timestamp":"2026-04-13T18:47:35.180Z"}
{"level":"info","message":"User register successfully","service":"test-service","timestamp":"2026-04-13T18:48:07.093Z"}
{"level":"info","message":"User login successfully","service":"test-service","timestamp":"2026-04-13T18:48:19.836Z"}
{"level":"error","message":"User not found","service":"test-service","timestamp":"2026-04-13T18:49:08.357Z"}
{"level":"info","message":"User login successfully","service":"test-service","timestamp":"2026-04-13T18:49:28.292Z"}
{"level":"info","message":"Refresh token successfully","service":"test-service","timestamp":"2026-04-13T19:07:34.719Z"}
{"level":"info","message":"Booking created successfully","service":"test-service","timestamp":"2026-04-13T19:07:47.495Z"}
{"level":"info","message":"Booking created successfully","service":"test-service","timestamp":"2026-04-13T19:08:42.310Z"}
{"level":"info","message":"Refresh token successfully","service":"test-service","timestamp":"2026-04-13T19:28:41.093Z"}
{"level":"error","message":"Please provide bookingId, userId and amount","service":"test-service","timestamp":"2026-04-13T19:29:35.020Z"}
{"level":"error","message":"Please provide bookingId, userId and amount","service":"test-service","timestamp":"2026-04-13T19:33:37.205Z"}
{"level":"error","message":"Please provide bookingId, userId and amount","service":"test-service","timestamp":"2026-04-13T19:33:38.481Z"}
{"level":"error","message":"Please provide bookingId, userId and amount","service":"test-service","timestamp":"2026-04-13T19:34:44.840Z"}
{"level":"error","message":"Please provide bookingId, userId and amount","service":"test-service","timestamp":"2026-04-13T19:35:09.781Z"}
{"level":"error","message":"Please provide bookingId, userId and amount","service":"test-service","timestamp":"2026-04-13T19:35:33.979Z"}
{"level":"info","message":"Refresh token successfully","service":"test-service","timestamp":"2026-04-13T19:37:38.350Z"}
{"level":"info","message":"Payment created successfully","service":"test-service","timestamp":"2026-04-13T19:37:56.476Z"}
