{"level":"error","message":"Email not found","service":"test-service","timestamp":"2026-04-02T13:53:34.418Z"}
{"level":"error","message":"Email not found","service":"test-service","timestamp":"2026-04-02T13:53:37.782Z"}
{"level":"error","message":"Email not found","service":"test-service","timestamp":"2026-04-02T13:53:42.032Z"}
{"level":"error","message":"Enter the verified email","service":"test-service","timestamp":"2026-04-02T15:16:49.333Z"}
{"level":"error","message":"Enter the verified email","service":"test-service","timestamp":"2026-04-02T15:16:56.144Z"}
{"level":"error","message":"Enter the verified email","service":"test-service","timestamp":"2026-04-02T15:17:39.492Z"}
{"level":"error","message":"Validation error: Validation isLowercase on fullname failed","service":"test-service","timestamp":"2026-04-02T15:18:42.582Z"}
{"level":"error","message":"WHERE parameter \"number\" has invalid \"undefined\" value","service":"test-service","timestamp":"2026-04-02T15:23:55.805Z"}
{"level":"error","message":"WHERE parameter \"number\" has invalid \"undefined\" value","service":"test-service","timestamp":"2026-04-02T15:30:46.738Z"}
{"level":"error","message":"WHERE parameter \"number\" has invalid \"undefined\" value","service":"test-service","timestamp":"2026-04-02T15:30:47.813Z"}
{"level":"error","message":"WHERE parameter \"number\" has invalid \"undefined\" value","service":"test-service","timestamp":"2026-04-02T15:31:05.905Z"}
{"level":"error","message":"WHERE parameter \"number\" has invalid \"undefined\" value","service":"test-service","timestamp":"2026-04-02T15:37:32.528Z"}
{"level":"error","message":"WHERE parameter \"number\" has invalid \"undefined\" value","service":"test-service","timestamp":"2026-04-02T15:37:36.640Z"}
{"level":"error","message":"WHERE parameter \"number\" has invalid \"undefined\" value","service":"test-service","timestamp":"2026-04-02T15:43:29.920Z"}
{"level":"error","message":"WHERE parameter \"number\" has invalid \"undefined\" value","service":"test-service","timestamp":"2026-04-02T15:43:30.972Z"}
{"level":"error","message":"WHERE parameter \"number\" has invalid \"undefined\" value","service":"test-service","timestamp":"2026-04-02T15:43:31.838Z"}
{"level":"error","message":"WHERE parameter \"number\" has invalid \"undefined\" value","service":"test-service","timestamp":"2026-04-02T15:55:21.400Z"}
{"level":"error","message":"WHERE parameter \"number\" has invalid \"undefined\" value","service":"test-service","timestamp":"2026-04-02T16:05:57.562Z"}
{"level":"error","message":"WHERE parameter \"number\" has invalid \"undefined\" value","service":"test-service","timestamp":"2026-04-02T16:06:05.230Z"}
{"level":"error","message":"WHERE parameter \"number\" has invalid \"undefined\" value","service":"test-service","timestamp":"2026-04-02T16:07:29.305Z"}
{"level":"error","message":"WHERE parameter \"number\" has invalid \"undefined\" value","service":"test-service","timestamp":"2026-04-02T16:07:30.502Z"}
{"level":"error","message":"WHERE parameter \"number\" has invalid \"undefined\" value","service":"test-service","timestamp":"2026-04-02T16:07:30.940Z"}
{"level":"error","message":"WHERE parameter \"number\" has invalid \"undefined\" value","service":"test-service","timestamp":"2026-04-02T16:07:31.380Z"}
{"level":"error","message":"WHERE parameter \"number\" has invalid \"undefined\" value","service":"test-service","timestamp":"2026-04-02T16:12:35.681Z"}
{"level":"error","message":"WHERE parameter \"number\" has invalid \"undefined\" value","service":"test-service","timestamp":"2026-04-02T16:26:23.567Z"}
{"level":"error","message":"WHERE parameter \"number\" has invalid \"undefined\" value","service":"test-service","timestamp":"2026-04-02T16:26:48.092Z"}
{"level":"error","message":"WHERE parameter \"number\" has invalid \"undefined\" value","service":"test-service","timestamp":"2026-04-02T16:27:01.812Z"}
{"level":"error","message":"WHERE parameter \"number\" has invalid \"undefined\" value","service":"test-service","timestamp":"2026-04-02T16:27:03.228Z"}
{"level":"error","message":"WHERE parameter \"number\" has invalid \"undefined\" value","service":"test-service","timestamp":"2026-04-02T16:27:20.804Z"}
{"level":"error","message":"WHERE parameter \"number\" has invalid \"undefined\" value","service":"test-service","timestamp":"2026-04-02T16:27:22.132Z"}
{"level":"error","message":"WHERE parameter \"number\" has invalid \"undefined\" value","service":"test-service","timestamp":"2026-04-02T16:54:30.209Z"}
{"level":"error","message":"WHERE parameter \"number\" has invalid \"undefined\" value","service":"test-service","timestamp":"2026-04-02T16:54:31.425Z"}
{"level":"error","message":"WHERE parameter \"number\" has invalid \"undefined\" value","service":"test-service","timestamp":"2026-04-02T16:56:37.658Z"}
{"level":"error","message":"WHERE parameter \"number\" has invalid \"undefined\" value","service":"test-service","timestamp":"2026-04-02T17:05:54.720Z"}
{"level":"error","message":"WHERE parameter \"number\" has invalid \"undefined\" value","service":"test-service","timestamp":"2026-04-02T17:05:55.552Z"}
{"level":"error","message":"WHERE parameter \"number\" has invalid \"undefined\" value","service":"test-service","timestamp":"2026-04-02T17:05:56.103Z"}
{"level":"error","message":"WHERE parameter \"number\" has invalid \"undefined\" value","service":"test-service","timestamp":"2026-04-02T17:05:56.281Z"}
{"level":"error","message":"WHERE parameter \"number\" has invalid \"undefined\" value","service":"test-service","timestamp":"2026-04-02T17:05:56.473Z"}
{"level":"error","message":"WHERE parameter \"number\" has invalid \"undefined\" value","service":"test-service","timestamp":"2026-04-02T17:05:56.656Z"}
{"level":"error","message":"WHERE parameter \"number\" has invalid \"undefined\" value","service":"test-service","timestamp":"2026-04-02T17:05:56.857Z"}
{"level":"error","message":"WHERE parameter \"number\" has invalid \"undefined\" value","service":"test-service","timestamp":"2026-04-02T17:05:57.025Z"}
{"level":"error","message":"WHERE parameter \"number\" has invalid \"undefined\" value","service":"test-service","timestamp":"2026-04-02T17:05:57.200Z"}
{"level":"error","message":"WHERE parameter \"number\" has invalid \"undefined\" value","service":"test-service","timestamp":"2026-04-02T17:05:57.392Z"}
{"level":"error","message":"WHERE parameter \"number\" has invalid \"undefined\" value","service":"test-service","timestamp":"2026-04-02T17:05:57.685Z"}
{"level":"error","message":"WHERE parameter \"number\" has invalid \"undefined\" value","service":"test-service","timestamp":"2026-04-02T17:05:57.878Z"}
{"level":"error","message":"WHERE parameter \"number\" has invalid \"undefined\" value","service":"test-service","timestamp":"2026-04-02T17:08:59.650Z"}
{"level":"error","message":"WHERE parameter \"number\" has invalid \"undefined\" value","service":"test-service","timestamp":"2026-04-02T17:10:29.046Z"}
{"level":"error","message":"WHERE parameter \"number\" has invalid \"undefined\" value","service":"test-service","timestamp":"2026-04-02T17:12:08.647Z"}
{"level":"error","message":"WHERE parameter \"number\" has invalid \"undefined\" value","service":"test-service","timestamp":"2026-04-02T17:19:35.515Z"}
{"level":"error","message":"Failed to generate tokens","service":"test-service","timestamp":"2026-04-02T17:25:09.307Z"}
{"level":"error","message":"Failed to generate tokens","service":"test-service","timestamp":"2026-04-02T17:27:45.179Z"}
{"level":"error","message":"Token is invalid","service":"test-service","timestamp":"2026-04-02T17:42:04.669Z"}
{"level":"error","message":"Token is invalid","service":"test-service","timestamp":"2026-04-02T17:42:06.506Z"}
{"level":"error","message":"Token is invalid","service":"test-service","timestamp":"2026-04-02T17:42:07.301Z"}
{"level":"error","message":"Token is invalid","service":"test-service","timestamp":"2026-04-02T17:42:07.494Z"}
{"level":"error","message":"Token is invalid","service":"test-service","timestamp":"2026-04-02T17:42:07.700Z"}
{"level":"error","message":"Token is invalid","service":"test-service","timestamp":"2026-04-02T17:42:07.895Z"}
{"level":"error","message":"Token is invalid","service":"test-service","timestamp":"2026-04-02T17:42:08.093Z"}
{"level":"error","message":"Token is invalid","service":"test-service","timestamp":"2026-04-02T17:42:08.292Z"}
{"level":"error","message":"Token is invalid","service":"test-service","timestamp":"2026-04-02T17:42:08.479Z"}
{"level":"error","message":"Token is invalid","service":"test-service","timestamp":"2026-04-02T17:42:08.772Z"}
{"level":"error","message":"Token is invalid","service":"test-service","timestamp":"2026-04-02T17:42:08.982Z"}
{"level":"error","message":"Token is invalid","service":"test-service","timestamp":"2026-04-02T17:42:09.191Z"}
{"level":"error","message":"Token is invalid","service":"test-service","timestamp":"2026-04-02T17:42:09.396Z"}
{"level":"error","message":"Token is invalid","service":"test-service","timestamp":"2026-04-02T17:42:09.586Z"}
{"level":"error","message":"Token is invalid","service":"test-service","timestamp":"2026-04-02T17:42:09.783Z"}
{"level":"error","message":"Token is invalid","service":"test-service","timestamp":"2026-04-02T17:42:09.995Z"}
{"level":"error","message":"Token is invalid","service":"test-service","timestamp":"2026-04-02T17:42:10.183Z"}
{"level":"error","message":"Token is invalid","service":"test-service","timestamp":"2026-04-02T17:42:10.407Z"}
{"level":"error","message":"Token is invalid","service":"test-service","timestamp":"2026-04-02T17:42:17.066Z"}
{"level":"error","message":"Token is invalid","service":"test-service","timestamp":"2026-04-02T17:43:43.797Z"}
{"level":"error","message":"Token is invalid","service":"test-service","timestamp":"2026-04-02T17:43:44.550Z"}
{"level":"error","message":"Token is invalid","service":"test-service","timestamp":"2026-04-02T17:43:44.699Z"}
{"level":"error","message":"Token is invalid","service":"test-service","timestamp":"2026-04-02T17:43:44.903Z"}
{"level":"error","message":"Token is invalid","service":"test-service","timestamp":"2026-04-02T17:43:45.104Z"}
{"level":"error","message":"Token is invalid","service":"test-service","timestamp":"2026-04-02T17:43:45.328Z"}
{"level":"error","message":"Token is invalid","service":"test-service","timestamp":"2026-04-02T17:43:52.686Z"}
{"level":"error","message":"Token is invalid","service":"test-service","timestamp":"2026-04-02T17:43:53.341Z"}
{"level":"error","message":"Token is invalid","service":"test-service","timestamp":"2026-04-02T17:43:53.565Z"}
{"level":"error","message":"Token is invalid","service":"test-service","timestamp":"2026-04-02T17:43:53.826Z"}
{"level":"error","message":"Token is invalid","service":"test-service","timestamp":"2026-04-02T17:43:54.019Z"}
{"level":"error","message":"Token is invalid","service":"test-service","timestamp":"2026-04-02T17:43:54.228Z"}
{"level":"error","message":"Token is invalid","service":"test-service","timestamp":"2026-04-02T17:43:54.442Z"}
{"level":"error","message":"Token is invalid","service":"test-service","timestamp":"2026-04-02T17:43:55.450Z"}
{"level":"error","message":"Password is incorrect","service":"test-service","timestamp":"2026-04-02T17:46:46.878Z"}
{"level":"error","message":"Password is incorrect","service":"test-service","timestamp":"2026-04-02T17:50:07.893Z"}
{"level":"error","message":"invalid signature","service":"test-service","timestamp":"2026-04-02T17:53:41.278Z"}
{"level":"error","message":"Password is incorrect","service":"test-service","timestamp":"2026-04-02T20:30:27.153Z"}
{"level":"error","message":"Password is incorrect","service":"test-service","timestamp":"2026-04-02T20:35:23.874Z"}
{"level":"error","message":"Email does not exist","service":"test-service","timestamp":"2026-04-04T11:36:26.630Z"}
{"level":"error","message":"Email does not exist","service":"test-service","timestamp":"2026-04-04T11:36:29.777Z"}
{"level":"error","message":"Email does not exist","service":"test-service","timestamp":"2026-04-04T11:36:30.620Z"}
{"level":"error","message":"Email does not exist","service":"test-service","timestamp":"2026-04-04T11:37:01.783Z"}
{"level":"error","message":"Email does not exist","service":"test-service","timestamp":"2026-04-04T11:37:51.973Z"}
{"level":"error","message":"Email does not exist","service":"test-service","timestamp":"2026-04-04T11:38:10.701Z"}
{"level":"error","message":"Email does not exist","service":"test-service","timestamp":"2026-04-04T11:39:56.254Z"}
{"level":"error","message":"\"otp\" must be greater than or equal to 1000","service":"test-service","timestamp":"2026-04-04T11:45:03.931Z"}
{"level":"error","message":"\"otp\" must be greater than or equal to 1000","service":"test-service","timestamp":"2026-04-04T11:56:09.391Z"}
{"level":"error","message":"\"otp\" must be greater than or equal to 1000","service":"test-service","timestamp":"2026-04-04T11:56:26.480Z"}
{"level":"error","message":"\"otp\" must be greater than or equal to 1000","service":"test-service","timestamp":"2026-04-04T11:56:41.587Z"}
{"level":"error","message":"\"otp\" must be greater than or equal to 1000","service":"test-service","timestamp":"2026-04-04T11:57:25.704Z"}
{"level":"error","message":"\"otp\" must be greater than or equal to 1000","service":"test-service","timestamp":"2026-04-04T11:57:49.386Z"}
{"level":"error","message":"\"otp\" must be greater than or equal to 1000","service":"test-service","timestamp":"2026-04-04T11:57:53.584Z"}
{"level":"error","message":"Invalid otp","service":"test-service","timestamp":"2026-04-04T11:58:05.211Z"}
{"level":"error","message":"Invalid otp","service":"test-service","timestamp":"2026-04-04T13:50:15.757Z"}
{"level":"error","message":"\"otp\" must be greater than or equal to 1000","service":"test-service","timestamp":"2026-04-04T14:07:36.409Z"}
{"level":"error","message":"Invalid otp","service":"test-service","timestamp":"2026-04-04T15:29:08.595Z"}
{"level":"error","message":"Password is incorrect","service":"test-service","timestamp":"2026-04-04T16:16:22.092Z"}
{"level":"error","message":"Password is incorrect","service":"test-service","timestamp":"2026-04-04T16:19:08.045Z"}
{"level":"error","message":"Table is not associated to Booking!","service":"test-service","timestamp":"2026-04-09T20:43:49.690Z"}
{"level":"error","message":"Table is not associated to Booking!","service":"test-service","timestamp":"2026-04-09T20:52:43.350Z"}
{"level":"error","message":"Unknown column 'table.bookingIds' in 'field list'","service":"test-service","timestamp":"2026-04-09T21:02:25.850Z"}
{"level":"error","message":"Unknown column 'table.bookingIds' in 'field list'","service":"test-service","timestamp":"2026-04-09T21:02:26.950Z"}
{"level":"error","message":"Unknown column 'table.bookingIds' in 'field list'","service":"test-service","timestamp":"2026-04-09T21:02:27.820Z"}
{"level":"error","message":"Unknown column 'foods->BookingFoods.name' in 'field list'","service":"test-service","timestamp":"2026-04-09T21:04:26.441Z"}
{"level":"error","message":"Unknown column 'foods->BookingFoods.name' in 'field list'","service":"test-service","timestamp":"2026-04-09T21:04:27.560Z"}
{"level":"error","message":"Unknown column 'foods->BookingFoods.name' in 'field list'","service":"test-service","timestamp":"2026-04-09T21:04:32.127Z"}
{"level":"error","message":"Table is not associated to Booking!","service":"test-service","timestamp":"2026-04-10T13:40:05.232Z"}
{"level":"error","message":"Table is not associated to Booking!","service":"test-service","timestamp":"2026-04-10T13:40:29.181Z"}
{"level":"error","message":"Table is not associated to Booking!","service":"test-service","timestamp":"2026-04-10T13:40:30.288Z"}
{"level":"error","message":"Unexpected token 'o', \"[object Seq\"... is not valid JSON","service":"test-service","timestamp":"2026-04-10T15:15:48.224Z"}
{"level":"error","message":"Cannot add or update a child row: a foreign key constraint fails (`possystem`.`bookingfoods`, CONSTRAINT `bookingfoods_ibfk_2` FOREIGN KEY (`foodId`) REFERENCES `foods` (`id`) ON DELETE CASCADE ON UPDATE CASCADE)","service":"test-service","timestamp":"2026-04-10T16:19:23.788Z"}
{"level":"error","message":"Cannot add or update a child row: a foreign key constraint fails (`possystem`.`bookingfoods`, CONSTRAINT `bookingfoods_ibfk_2` FOREIGN KEY (`foodId`) REFERENCES `foods` (`id`) ON DELETE CASCADE ON UPDATE CASCADE)","service":"test-service","timestamp":"2026-04-10T16:20:05.277Z"}
{"level":"error","message":"Cannot add or update a child row: a foreign key constraint fails (`possystem`.`bookingfoods`, CONSTRAINT `bookingfoods_ibfk_2` FOREIGN KEY (`foodId`) REFERENCES `foods` (`id`) ON DELETE CASCADE ON UPDATE CASCADE)","service":"test-service","timestamp":"2026-04-10T16:21:34.074Z"}
{"level":"error","message":"Cannot add or update a child row: a foreign key constraint fails (`possystem`.`bookingfoods`, CONSTRAINT `bookingfoods_ibfk_2` FOREIGN KEY (`foodId`) REFERENCES `foods` (`id`) ON DELETE CASCADE ON UPDATE CASCADE)","service":"test-service","timestamp":"2026-04-10T16:21:35.279Z"}
{"level":"error","message":"Cannot add or update a child row: a foreign key constraint fails (`possystem`.`bookingfoods`, CONSTRAINT `bookingfoods_ibfk_2` FOREIGN KEY (`foodId`) REFERENCES `foods` (`id`) ON DELETE CASCADE ON UPDATE CASCADE)","service":"test-service","timestamp":"2026-04-10T16:21:35.463Z"}
{"level":"error","message":"Cannot add or update a child row: a foreign key constraint fails (`possystem`.`bookingfoods`, CONSTRAINT `bookingfoods_ibfk_2` FOREIGN KEY (`foodId`) REFERENCES `foods` (`id`) ON DELETE CASCADE ON UPDATE CASCADE)","service":"test-service","timestamp":"2026-04-10T16:21:35.646Z"}
{"level":"error","message":"Cannot add or update a child row: a foreign key constraint fails (`possystem`.`bookingfoods`, CONSTRAINT `bookingfoods_ibfk_2` FOREIGN KEY (`foodId`) REFERENCES `foods` (`id`) ON DELETE CASCADE ON UPDATE CASCADE)","service":"test-service","timestamp":"2026-04-10T16:21:35.837Z"}
{"level":"error","message":"Cannot add or update a child row: a foreign key constraint fails (`possystem`.`bookingfoods`, CONSTRAINT `bookingfoods_ibfk_2` FOREIGN KEY (`foodId`) REFERENCES `foods` (`id`) ON DELETE CASCADE ON UPDATE CASCADE)","service":"test-service","timestamp":"2026-04-10T16:21:36.007Z"}
{"level":"error","message":"Cannot add or update a child row: a foreign key constraint fails (`possystem`.`bookingfoods`, CONSTRAINT `bookingfoods_ibfk_2` FOREIGN KEY (`foodId`) REFERENCES `foods` (`id`) ON DELETE CASCADE ON UPDATE CASCADE)","service":"test-service","timestamp":"2026-04-10T16:21:36.174Z"}
{"level":"error","message":"Cannot add or update a child row: a foreign key constraint fails (`possystem`.`bookingfoods`, CONSTRAINT `bookingfoods_ibfk_2` FOREIGN KEY (`foodId`) REFERENCES `foods` (`id`) ON DELETE CASCADE ON UPDATE CASCADE)","service":"test-service","timestamp":"2026-04-10T16:21:36.364Z"}
{"level":"error","message":"Cannot add or update a child row: a foreign key constraint fails (`possystem`.`bookingfoods`, CONSTRAINT `bookingfoods_ibfk_2` FOREIGN KEY (`foodId`) REFERENCES `foods` (`id`) ON DELETE CASCADE ON UPDATE CASCADE)","service":"test-service","timestamp":"2026-04-10T16:21:36.554Z"}
{"level":"error","message":"Cannot add or update a child row: a foreign key constraint fails (`possystem`.`bookingfoods`, CONSTRAINT `bookingfoods_ibfk_2` FOREIGN KEY (`foodId`) REFERENCES `foods` (`id`) ON DELETE CASCADE ON UPDATE CASCADE)","service":"test-service","timestamp":"2026-04-10T16:21:36.736Z"}
{"level":"error","message":"Cannot add or update a child row: a foreign key constraint fails (`possystem`.`bookingfoods`, CONSTRAINT `bookingfoods_ibfk_2` FOREIGN KEY (`foodId`) REFERENCES `foods` (`id`) ON DELETE CASCADE ON UPDATE CASCADE)","service":"test-service","timestamp":"2026-04-10T16:21:36.948Z"}
{"level":"error","message":"Cannot add or update a child row: a foreign key constraint fails (`possystem`.`bookingfoods`, CONSTRAINT `bookingfoods_ibfk_2` FOREIGN KEY (`foodId`) REFERENCES `foods` (`id`) ON DELETE CASCADE ON UPDATE CASCADE)","service":"test-service","timestamp":"2026-04-10T16:21:37.134Z"}
{"level":"error","message":"Cannot add or update a child row: a foreign key constraint fails (`possystem`.`bookingfoods`, CONSTRAINT `bookingfoods_ibfk_2` FOREIGN KEY (`foodId`) REFERENCES `foods` (`id`) ON DELETE CASCADE ON UPDATE CASCADE)","service":"test-service","timestamp":"2026-04-10T16:21:42.659Z"}
{"level":"error","message":"User not found","service":"test-service","timestamp":"2026-04-11T19:52:25.380Z"}
{"level":"error","message":"Otp not sent","service":"test-service","timestamp":"2026-04-11T19:54:56.537Z"}
{"level":"error","message":"Otp not sent","service":"test-service","timestamp":"2026-04-11T19:55:00.999Z"}
{"level":"error","message":"Otp not sent","service":"test-service","timestamp":"2026-04-11T19:55:02.521Z"}
{"level":"error","message":"Otp not sent","service":"test-service","timestamp":"2026-04-11T19:55:11.063Z"}
{"level":"error","message":"User not found","service":"test-service","timestamp":"2026-04-11T19:59:43.030Z"}
{"level":"error","message":"User not found","service":"test-service","timestamp":"2026-04-11T19:59:45.010Z"}
{"level":"error","message":"User not found","service":"test-service","timestamp":"2026-04-11T20:00:32.737Z"}
{"level":"error","message":"User not found","service":"test-service","timestamp":"2026-04-11T20:01:21.920Z"}
{"level":"error","message":"Table 'possystem.bookingfoods' doesn't exist","service":"test-service","timestamp":"2026-04-11T20:33:51.319Z"}
{"level":"error","message":"Table 'possystem.bookingfoods' doesn't exist","service":"test-service","timestamp":"2026-04-11T20:34:21.405Z"}
{"level":"error","message":"Table 'possystem.bookingfoods' doesn't exist","service":"test-service","timestamp":"2026-04-11T20:34:22.194Z"}
{"level":"error","message":"Table 'possystem.bookingfoods' doesn't exist","service":"test-service","timestamp":"2026-04-11T20:34:22.592Z"}
{"level":"error","message":"Table 'possystem.bookingfoods' doesn't exist","service":"test-service","timestamp":"2026-04-11T20:34:22.834Z"}
{"level":"error","message":"Table 'possystem.bookingfoods' doesn't exist","service":"test-service","timestamp":"2026-04-11T20:34:22.867Z"}
{"level":"error","message":"Table 'possystem.bookingfoods' doesn't exist","service":"test-service","timestamp":"2026-04-11T20:34:23.174Z"}
{"level":"error","message":"Table 'possystem.bookingfoods' doesn't exist","service":"test-service","timestamp":"2026-04-11T20:34:23.436Z"}
{"level":"error","message":"Table 'possystem.bookingfoods' doesn't exist","service":"test-service","timestamp":"2026-04-11T20:34:23.668Z"}
{"level":"error","message":"Table 'possystem.bookingfoods' doesn't exist","service":"test-service","timestamp":"2026-04-11T20:34:23.907Z"}
{"level":"error","message":"Table 'possystem.bookingfoods' doesn't exist","service":"test-service","timestamp":"2026-04-11T20:36:12.445Z"}
{"level":"error","message":"Unknown column 'id' in 'field list'","service":"test-service","timestamp":"2026-04-12T21:56:22.267Z"}
{"level":"error","message":"Table 'possystem.payments' doesn't exist","service":"test-service","timestamp":"2026-04-13T18:13:34.782Z"}
{"level":"error","message":"User not found","service":"test-service","timestamp":"2026-04-13T18:45:14.362Z"}
{"level":"error","message":"User not found","service":"test-service","timestamp":"2026-04-13T18:45:15.762Z"}
{"level":"error","message":"User not found","service":"test-service","timestamp":"2026-04-13T18:49:08.357Z"}
{"level":"error","message":"Please provide bookingId, userId and amount","service":"test-service","timestamp":"2026-04-13T19:29:35.020Z"}
{"level":"error","message":"Please provide bookingId, userId and amount","service":"test-service","timestamp":"2026-04-13T19:33:37.205Z"}
{"level":"error","message":"Please provide bookingId, userId and amount","service":"test-service","timestamp":"2026-04-13T19:33:38.481Z"}
{"level":"error","message":"Please provide bookingId, userId and amount","service":"test-service","timestamp":"2026-04-13T19:34:44.840Z"}
{"level":"error","message":"Please provide bookingId, userId and amount","service":"test-service","timestamp":"2026-04-13T19:35:09.781Z"}
{"level":"error","message":"Please provide bookingId, userId and amount","service":"test-service","timestamp":"2026-04-13T19:35:33.979Z"}
{"level":"error","message":"jwt expired","service":"test-service","timestamp":"2026-04-16T13:34:18.117Z"}
{"level":"error","message":"jwt expired","service":"test-service","timestamp":"2026-04-16T13:34:24.345Z"}
{"level":"error","message":"jwt expired","service":"test-service","timestamp":"2026-04-16T13:34:25.684Z"}
{"level":"error","message":"jwt expired","service":"test-service","timestamp":"2026-04-16T13:34:25.695Z"}
{"level":"error","message":"jwt expired","service":"test-service","timestamp":"2026-04-16T13:35:08.068Z"}
{"level":"error","message":"jwt expired","service":"test-service","timestamp":"2026-04-16T13:35:14.039Z"}
{"level":"error","message":"jwt expired","service":"test-service","timestamp":"2026-04-16T13:35:21.053Z"}
{"level":"error","message":"jwt expired","service":"test-service","timestamp":"2026-04-16T13:35:23.450Z"}
{"level":"error","message":"jwt expired","service":"test-service","timestamp":"2026-04-16T13:35:23.468Z"}
{"level":"error","message":"jwt expired","service":"test-service","timestamp":"2026-04-16T13:35:25.262Z"}
{"level":"error","message":"jwt expired","service":"test-service","timestamp":"2026-04-16T13:35:25.268Z"}
{"level":"error","message":"jwt expired","service":"test-service","timestamp":"2026-04-16T13:35:42.789Z"}
{"level":"error","message":"jwt expired","service":"test-service","timestamp":"2026-04-16T13:35:42.793Z"}
{"level":"error","message":"jwt expired","service":"test-service","timestamp":"2026-04-16T13:37:30.111Z"}
{"level":"error","message":"jwt expired","service":"test-service","timestamp":"2026-04-16T13:37:30.116Z"}
{"level":"error","message":"jwt expired","service":"test-service","timestamp":"2026-04-16T13:37:56.187Z"}
{"level":"error","message":"jwt expired","service":"test-service","timestamp":"2026-04-16T13:37:56.193Z"}
{"level":"error","message":"jwt expired","service":"test-service","timestamp":"2026-04-16T13:37:57.938Z"}
{"level":"error","message":"jwt expired","service":"test-service","timestamp":"2026-04-16T13:37:57.945Z"}
{"level":"error","message":"jwt expired","service":"test-service","timestamp":"2026-04-16T13:38:06.114Z"}
{"level":"error","message":"jwt expired","service":"test-service","timestamp":"2026-04-16T13:38:06.118Z"}
{"level":"error","message":"jwt expired","service":"test-service","timestamp":"2026-04-16T13:38:46.057Z"}
{"level":"error","message":"jwt expired","service":"test-service","timestamp":"2026-04-16T13:38:46.062Z"}
{"level":"error","message":"jwt expired","service":"test-service","timestamp":"2026-04-16T13:39:45.485Z"}
{"level":"error","message":"jwt expired","service":"test-service","timestamp":"2026-04-16T13:39:45.490Z"}
{"level":"error","message":"jwt expired","service":"test-service","timestamp":"2026-04-16T13:40:18.208Z"}
{"level":"error","message":"jwt expired","service":"test-service","timestamp":"2026-04-16T13:40:18.216Z"}
{"level":"error","message":"jwt expired","service":"test-service","timestamp":"2026-04-16T13:40:39.297Z"}
{"level":"error","message":"jwt expired","service":"test-service","timestamp":"2026-04-16T13:40:39.303Z"}
{"level":"error","message":"jwt expired","service":"test-service","timestamp":"2026-04-16T13:40:56.668Z"}
{"level":"error","message":"jwt expired","service":"test-service","timestamp":"2026-04-16T13:40:56.674Z"}
{"level":"error","message":"jwt expired","service":"test-service","timestamp":"2026-04-16T13:41:26.493Z"}
{"level":"error","message":"jwt expired","service":"test-service","timestamp":"2026-04-16T13:41:26.497Z"}
{"level":"error","message":"jwt expired","service":"test-service","timestamp":"2026-04-16T13:41:28.500Z"}
{"level":"error","message":"jwt expired","service":"test-service","timestamp":"2026-04-16T13:41:28.504Z"}
{"level":"error","message":"jwt expired","service":"test-service","timestamp":"2026-04-16T13:41:31.364Z"}
{"level":"error","message":"jwt expired","service":"test-service","timestamp":"2026-04-16T13:41:31.367Z"}
{"level":"error","message":"jwt expired","service":"test-service","timestamp":"2026-04-16T13:41:33.522Z"}
{"level":"error","message":"jwt expired","service":"test-service","timestamp":"2026-04-16T13:41:33.529Z"}
{"level":"error","message":"jwt expired","service":"test-service","timestamp":"2026-04-16T13:41:47.970Z"}
{"level":"error","message":"jwt expired","service":"test-service","timestamp":"2026-04-16T13:41:47.975Z"}
{"level":"error","message":"Cannot read properties of null (reading '_modelAttribute')","service":"test-service","timestamp":"2026-04-17T15:49:06.293Z"}
{"level":"error","message":"Cannot read properties of null (reading '_modelAttribute')","service":"test-service","timestamp":"2026-04-17T15:49:29.658Z"}
{"level":"error","message":"Validation error: Validation isLowercase on description failed","service":"test-service","timestamp":"2026-04-18T10:14:03.552Z"}
{"level":"error","message":"Validation error: Validation isLowercase on name failed,\nValidation error: Validation isLowercase on description failed","service":"test-service","timestamp":"2026-04-18T12:45:50.029Z"}
{"level":"error","message":"Validation error: Validation isLowercase on name failed,\nValidation error: Validation isLowercase on description failed","service":"test-service","timestamp":"2026-04-18T12:53:48.813Z"}
{"level":"error","message":"Cannot read properties of null (reading '_modelAttribute')","service":"test-service","timestamp":"2026-04-18T13:41:53.216Z"}
{"level":"error","message":"Cannot read properties of null (reading '_modelAttribute')","service":"test-service","timestamp":"2026-04-18T13:42:23.074Z"}
{"level":"error","message":"Cannot read properties of null (reading '_modelAttribute')","service":"test-service","timestamp":"2026-04-18T13:42:23.709Z"}
{"level":"error","message":"Cannot read properties of null (reading '_modelAttribute')","service":"test-service","timestamp":"2026-04-18T13:42:35.455Z"}
{"level":"error","message":"Cannot read properties of null (reading '_modelAttribute')","service":"test-service","timestamp":"2026-04-18T13:42:36.364Z"}
{"level":"error","message":"Cannot read properties of null (reading '_modelAttribute')","service":"test-service","timestamp":"2026-04-18T13:42:59.155Z"}
{"level":"error","message":"Cannot read properties of null (reading '_modelAttribute')","service":"test-service","timestamp":"2026-04-18T13:43:00.240Z"}
{"level":"error","message":"Cannot read properties of null (reading '_modelAttribute')","service":"test-service","timestamp":"2026-04-18T13:43:00.809Z"}
{"level":"error","message":"Cannot read properties of null (reading '_modelAttribute')","service":"test-service","timestamp":"2026-04-18T13:43:00.976Z"}
{"level":"error","message":"Cannot read properties of null (reading '_modelAttribute')","service":"test-service","timestamp":"2026-04-18T13:43:01.169Z"}
{"level":"error","message":"Cannot read properties of null (reading '_modelAttribute')","service":"test-service","timestamp":"2026-04-18T13:43:01.348Z"}
{"level":"error","message":"Cannot read properties of null (reading '_modelAttribute')","service":"test-service","timestamp":"2026-04-18T13:43:01.552Z"}
{"level":"error","message":"Cannot read properties of null (reading '_modelAttribute')","service":"test-service","timestamp":"2026-04-18T13:43:02.302Z"}
{"level":"error","message":"Cannot read properties of null (reading '_modelAttribute')","service":"test-service","timestamp":"2026-04-18T13:43:02.781Z"}
{"level":"error","message":"Cannot read properties of null (reading '_modelAttribute')","service":"test-service","timestamp":"2026-04-18T13:43:03.259Z"}
{"level":"error","message":"Cannot read properties of null (reading '_modelAttribute')","service":"test-service","timestamp":"2026-04-18T13:43:03.670Z"}
{"level":"error","message":"Cannot read properties of null (reading '_modelAttribute')","service":"test-service","timestamp":"2026-04-18T13:43:03.831Z"}
{"level":"error","message":"Cannot read properties of null (reading '_modelAttribute')","service":"test-service","timestamp":"2026-04-18T13:43:04.015Z"}
{"level":"error","message":"Cannot read properties of null (reading '_modelAttribute')","service":"test-service","timestamp":"2026-04-18T13:43:04.231Z"}
{"level":"error","message":"Cannot read properties of null (reading '_modelAttribute')","service":"test-service","timestamp":"2026-04-18T13:44:45.519Z"}
{"level":"error","message":"Cannot read properties of null (reading '_modelAttribute')","service":"test-service","timestamp":"2026-04-18T13:58:00.586Z"}
{"level":"error","message":"Cannot read properties of null (reading '_modelAttribute')","service":"test-service","timestamp":"2026-04-18T13:58:01.504Z"}
{"level":"error","message":"Cannot read properties of null (reading '_modelAttribute')","service":"test-service","timestamp":"2026-04-18T13:58:01.716Z"}
{"level":"error","message":"Cannot read properties of null (reading '_modelAttribute')","service":"test-service","timestamp":"2026-04-18T13:58:01.917Z"}
{"level":"error","message":"Cannot read properties of null (reading '_modelAttribute')","service":"test-service","timestamp":"2026-04-18T13:58:02.125Z"}
{"level":"error","message":"Cannot read properties of null (reading '_modelAttribute')","service":"test-service","timestamp":"2026-04-18T13:58:02.324Z"}
{"level":"error","message":"Cannot read properties of null (reading '_modelAttribute')","service":"test-service","timestamp":"2026-04-18T13:58:02.528Z"}
{"level":"error","message":"Cannot read properties of null (reading '_modelAttribute')","service":"test-service","timestamp":"2026-04-18T13:58:02.723Z"}
{"level":"error","message":"Cannot read properties of null (reading '_modelAttribute')","service":"test-service","timestamp":"2026-04-18T13:58:02.926Z"}
{"level":"error","message":"Cannot read properties of null (reading '_modelAttribute')","service":"test-service","timestamp":"2026-04-18T13:58:03.135Z"}
{"level":"error","message":"Cannot read properties of null (reading '_modelAttribute')","service":"test-service","timestamp":"2026-04-18T13:58:03.347Z"}
{"level":"error","message":"Cannot read properties of null (reading '_modelAttribute')","service":"test-service","timestamp":"2026-04-18T14:10:26.562Z"}
{"level":"error","message":"Cannot read properties of null (reading '_modelAttribute')","service":"test-service","timestamp":"2026-04-18T14:10:27.583Z"}
{"level":"error","message":"Cannot read properties of null (reading '_modelAttribute')","service":"test-service","timestamp":"2026-04-18T14:11:31.962Z"}
{"level":"error","message":"Cannot read properties of null (reading '_modelAttribute')","service":"test-service","timestamp":"2026-04-18T14:11:32.870Z"}
{"level":"error","message":"Cannot read properties of null (reading '_modelAttribute')","service":"test-service","timestamp":"2026-04-18T14:11:33.037Z"}
{"level":"error","message":"Cannot read properties of null (reading '_modelAttribute')","service":"test-service","timestamp":"2026-04-18T14:11:33.247Z"}
{"level":"error","message":"Cannot read properties of null (reading '_modelAttribute')","service":"test-service","timestamp":"2026-04-18T14:32:11.943Z"}
{"level":"error","message":"Unauthorized","service":"test-service","timestamp":"2026-04-18T20:22:31.804Z"}
{"level":"error","message":"Unauthorized","service":"test-service","timestamp":"2026-04-18T20:22:31.809Z"}
{"level":"error","message":"Admin can not login","service":"test-service","timestamp":"2026-04-18T20:22:47.310Z"}
{"level":"error","message":"Admin can not login","service":"test-service","timestamp":"2026-04-18T20:22:52.029Z"}
{"level":"error","message":"Admin can not login","service":"test-service","timestamp":"2026-04-18T20:23:19.939Z"}
{"level":"error","message":"Admin can not login","service":"test-service","timestamp":"2026-04-18T20:23:26.421Z"}
{"level":"error","message":"Unauthorized","service":"test-service","timestamp":"2026-04-18T20:35:51.502Z"}
{"level":"error","message":"Unauthorized","service":"test-service","timestamp":"2026-04-18T20:35:51.511Z"}
{"level":"error","message":"Unauthorized","service":"test-service","timestamp":"2026-04-18T20:35:54.497Z"}
{"level":"error","message":"Unauthorized","service":"test-service","timestamp":"2026-04-18T20:35:54.505Z"}
{"level":"error","message":"Unauthorized","service":"test-service","timestamp":"2026-04-18T20:36:04.899Z"}
{"level":"error","message":"Unauthorized","service":"test-service","timestamp":"2026-04-18T20:36:04.905Z"}
{"level":"error","message":"Unauthorized","service":"test-service","timestamp":"2026-04-19T11:10:31.955Z"}
{"level":"error","message":"Unauthorized","service":"test-service","timestamp":"2026-04-19T11:10:31.961Z"}
{"level":"error","message":"Unauthorized","service":"test-service","timestamp":"2026-04-19T11:10:35.793Z"}
{"level":"error","message":"Unauthorized","service":"test-service","timestamp":"2026-04-19T11:10:35.796Z"}
